==================================================
device = cuda
device_id = 1
prev = 0
times = 1
global_rounds = 50
eval_gap = 1
batch_size = 10
local_epochs = 1
log_dir = /data/yuxiangyang/lhm/FL/MyFLLib/logs/tensorboard/13
local_learning_rate = 3e-05
learning_rate_decay = True
learning_rate_decay_gamma = 0.99
auto_break = False
top_cnt = 100
goal = test
save_folder_name = items
model = CLIPWithAdapter
num_classes = 2
algorithm = FedAvg
dataset = Retinanpz
data_root = /data/yuxiangyang/lhm/FL/data
num_clients = 4
client_drop_rate = 0.0
random_join_ratio = False
join_ratio = 1.0
num_new_clients = 0
fine_tuning_epoch_new = 0
train_slow_rate = 0.0
send_slow_rate = 0.0
time_threthold = 10000
dlg_eval = False
dlg_gap = 100
batch_num_per_client = 2
==================================================

============= Running time: 0th =============
Creating server and clients ...
CLIP model ViT-B/32 loaded
preprocess: Compose(
    Resize(size=224, interpolation=bicubic, max_size=None, antialias=warn)
    CenterCrop(size=(224, 224))
    <function _convert_image_to_rgb at 0x7f1c72ae5800>
    ToTensor()
    Normalize(mean=(0.48145466, 0.4578275, 0.40821073), std=(0.26862954, 0.26130258, 0.27577711))
)
CLIPWithAdapter(
  (clip_model): CLIP(
    (visual): VisionTransformer(
      (conv1): Conv2d(3, 768, kernel_size=(32, 32), stride=(32, 32), bias=False)
      (ln_pre): LayerNorm((768,), eps=1e-05, elementwise_affine=True)
      (transformer): Transformer(
        (resblocks): Sequential(
          (0): ResidualAttentionBlock(
            (attn): MultiheadAttention(
              (out_proj): NonDynamicallyQuantizableLinear(in_features=768, out_features=768, bias=True)
            )
            (ln_1): LayerNorm((768,), eps=1e-05, elementwise_affine=True)
            (mlp): Sequential(
              (c_fc): Linear(in_features=768, out_features=3072, bias=True)
              (gelu): QuickGELU()
              (c_proj): Linear(in_features=3072, out_features=768, bias=True)
            )
            (ln_2): LayerNorm((768,), eps=1e-05, elementwise_affine=True)
          )
          (1): ResidualAttentionBlock(
            (attn): MultiheadAttention(
              (out_proj): NonDynamicallyQuantizableLinear(in_features=768, out_features=768, bias=True)
            )
            (ln_1): LayerNorm((768,), eps=1e-05, elementwise_affine=True)
            (mlp): Sequential(
              (c_fc): Linear(in_features=768, out_features=3072, bias=True)
              (gelu): QuickGELU()
              (c_proj): Linear(in_features=3072, out_features=768, bias=True)
            )
            (ln_2): LayerNorm((768,), eps=1e-05, elementwise_affine=True)
          )
          (2): ResidualAttentionBlock(
            (attn): MultiheadAttention(
              (out_proj): NonDynamicallyQuantizableLinear(in_features=768, out_features=768, bias=True)
            )
            (ln_1): LayerNorm((768,), eps=1e-05, elementwise_affine=True)
            (mlp): Sequential(
              (c_fc): Linear(in_features=768, out_features=3072, bias=True)
              (gelu): QuickGELU()
              (c_proj): Linear(in_features=3072, out_features=768, bias=True)
            )
            (ln_2): LayerNorm((768,), eps=1e-05, elementwise_affine=True)
          )
          (3): ResidualAttentionBlock(
            (attn): MultiheadAttention(
              (out_proj): NonDynamicallyQuantizableLinear(in_features=768, out_features=768, bias=True)
            )
            (ln_1): LayerNorm((768,), eps=1e-05, elementwise_affine=True)
            (mlp): Sequential(
              (c_fc): Linear(in_features=768, out_features=3072, bias=True)
              (gelu): QuickGELU()
              (c_proj): Linear(in_features=3072, out_features=768, bias=True)
            )
            (ln_2): LayerNorm((768,), eps=1e-05, elementwise_affine=True)
          )
          (4): ResidualAttentionBlock(
            (attn): MultiheadAttention(
              (out_proj): NonDynamicallyQuantizableLinear(in_features=768, out_features=768, bias=True)
            )
            (ln_1): LayerNorm((768,), eps=1e-05, elementwise_affine=True)
            (mlp): Sequential(
              (c_fc): Linear(in_features=768, out_features=3072, bias=True)
              (gelu): QuickGELU()
              (c_proj): Linear(in_features=3072, out_features=768, bias=True)
            )
            (ln_2): LayerNorm((768,), eps=1e-05, elementwise_affine=True)
          )
          (5): ResidualAttentionBlock(
            (attn): MultiheadAttention(
              (out_proj): NonDynamicallyQuantizableLinear(in_features=768, out_features=768, bias=True)
            )
            (ln_1): LayerNorm((768,), eps=1e-05, elementwise_affine=True)
            (mlp): Sequential(
              (c_fc): Linear(in_features=768, out_features=3072, bias=True)
              (gelu): QuickGELU()
              (c_proj): Linear(in_features=3072, out_features=768, bias=True)
            )
            (ln_2): LayerNorm((768,), eps=1e-05, elementwise_affine=True)
          )
          (6): ResidualAttentionBlock(
            (attn): MultiheadAttention(
              (out_proj): NonDynamicallyQuantizableLinear(in_features=768, out_features=768, bias=True)
            )
            (ln_1): LayerNorm((768,), eps=1e-05, elementwise_affine=True)
            (mlp): Sequential(
              (c_fc): Linear(in_features=768, out_features=3072, bias=True)
              (gelu): QuickGELU()
              (c_proj): Linear(in_features=3072, out_features=768, bias=True)
            )
            (ln_2): LayerNorm((768,), eps=1e-05, elementwise_affine=True)
          )
          (7): ResidualAttentionBlock(
            (attn): MultiheadAttention(
              (out_proj): NonDynamicallyQuantizableLinear(in_features=768, out_features=768, bias=True)
            )
            (ln_1): LayerNorm((768,), eps=1e-05, elementwise_affine=True)
            (mlp): Sequential(
              (c_fc): Linear(in_features=768, out_features=3072, bias=True)
              (gelu): QuickGELU()
              (c_proj): Linear(in_features=3072, out_features=768, bias=True)
            )
            (ln_2): LayerNorm((768,), eps=1e-05, elementwise_affine=True)
          )
          (8): ResidualAttentionBlock(
            (attn): MultiheadAttention(
              (out_proj): NonDynamicallyQuantizableLinear(in_features=768, out_features=768, bias=True)
            )
            (ln_1): LayerNorm((768,), eps=1e-05, elementwise_affine=True)
            (mlp): Sequential(
              (c_fc): Linear(in_features=768, out_features=3072, bias=True)
              (gelu): QuickGELU()
              (c_proj): Linear(in_features=3072, out_features=768, bias=True)
            )
            (ln_2): LayerNorm((768,), eps=1e-05, elementwise_affine=True)
          )
          (9): ResidualAttentionBlock(
            (attn): MultiheadAttention(
              (out_proj): NonDynamicallyQuantizableLinear(in_features=768, out_features=768, bias=True)
            )
            (ln_1): LayerNorm((768,), eps=1e-05, elementwise_affine=True)
            (mlp): Sequential(
              (c_fc): Linear(in_features=768, out_features=3072, bias=True)
              (gelu): QuickGELU()
              (c_proj): Linear(in_features=3072, out_features=768, bias=True)
            )
            (ln_2): LayerNorm((768,), eps=1e-05, elementwise_affine=True)
          )
          (10): ResidualAttentionBlock(
            (attn): MultiheadAttention(
              (out_proj): NonDynamicallyQuantizableLinear(in_features=768, out_features=768, bias=True)
            )
            (ln_1): LayerNorm((768,), eps=1e-05, elementwise_affine=True)
            (mlp): Sequential(
              (c_fc): Linear(in_features=768, out_features=3072, bias=True)
              (gelu): QuickGELU()
              (c_proj): Linear(in_features=3072, out_features=768, bias=True)
            )
            (ln_2): LayerNorm((768,), eps=1e-05, elementwise_affine=True)
          )
          (11): ResidualAttentionBlock(
            (attn): MultiheadAttention(
              (out_proj): NonDynamicallyQuantizableLinear(in_features=768, out_features=768, bias=True)
            )
            (ln_1): LayerNorm((768,), eps=1e-05, elementwise_affine=True)
            (mlp): Sequential(
              (c_fc): Linear(in_features=768, out_features=3072, bias=True)
              (gelu): QuickGELU()
              (c_proj): Linear(in_features=3072, out_features=768, bias=True)
            )
            (ln_2): LayerNorm((768,), eps=1e-05, elementwise_affine=True)
          )
        )
      )
      (ln_post): LayerNorm((768,), eps=1e-05, elementwise_affine=True)
    )
    (transformer): Transformer(
      (resblocks): Sequential(
        (0): ResidualAttentionBlock(
          (attn): MultiheadAttention(
            (out_proj): NonDynamicallyQuantizableLinear(in_features=512, out_features=512, bias=True)
          )
          (ln_1): LayerNorm((512,), eps=1e-05, elementwise_affine=True)
          (mlp): Sequential(
            (c_fc): Linear(in_features=512, out_features=2048, bias=True)
            (gelu): QuickGELU()
            (c_proj): Linear(in_features=2048, out_features=512, bias=True)
          )
          (ln_2): LayerNorm((512,), eps=1e-05, elementwise_affine=True)
        )
        (1): ResidualAttentionBlock(
          (attn): MultiheadAttention(
            (out_proj): NonDynamicallyQuantizableLinear(in_features=512, out_features=512, bias=True)
          )
          (ln_1): LayerNorm((512,), eps=1e-05, elementwise_affine=True)
          (mlp): Sequential(
            (c_fc): Linear(in_features=512, out_features=2048, bias=True)
            (gelu): QuickGELU()
            (c_proj): Linear(in_features=2048, out_features=512, bias=True)
          )
          (ln_2): LayerNorm((512,), eps=1e-05, elementwise_affine=True)
        )
        (2): ResidualAttentionBlock(
          (attn): MultiheadAttention(
            (out_proj): NonDynamicallyQuantizableLinear(in_features=512, out_features=512, bias=True)
          )
          (ln_1): LayerNorm((512,), eps=1e-05, elementwise_affine=True)
          (mlp): Sequential(
            (c_fc): Linear(in_features=512, out_features=2048, bias=True)
            (gelu): QuickGELU()
            (c_proj): Linear(in_features=2048, out_features=512, bias=True)
          )
          (ln_2): LayerNorm((512,), eps=1e-05, elementwise_affine=True)
        )
        (3): ResidualAttentionBlock(
          (attn): MultiheadAttention(
            (out_proj): NonDynamicallyQuantizableLinear(in_features=512, out_features=512, bias=True)
          )
          (ln_1): LayerNorm((512,), eps=1e-05, elementwise_affine=True)
          (mlp): Sequential(
            (c_fc): Linear(in_features=512, out_features=2048, bias=True)
            (gelu): QuickGELU()
            (c_proj): Linear(in_features=2048, out_features=512, bias=True)
          )
          (ln_2): LayerNorm((512,), eps=1e-05, elementwise_affine=True)
        )
        (4): ResidualAttentionBlock(
          (attn): MultiheadAttention(
            (out_proj): NonDynamicallyQuantizableLinear(in_features=512, out_features=512, bias=True)
          )
          (ln_1): LayerNorm((512,), eps=1e-05, elementwise_affine=True)
          (mlp): Sequential(
            (c_fc): Linear(in_features=512, out_features=2048, bias=True)
            (gelu): QuickGELU()
            (c_proj): Linear(in_features=2048, out_features=512, bias=True)
          )
          (ln_2): LayerNorm((512,), eps=1e-05, elementwise_affine=True)
        )
        (5): ResidualAttentionBlock(
          (attn): MultiheadAttention(
            (out_proj): NonDynamicallyQuantizableLinear(in_features=512, out_features=512, bias=True)
          )
          (ln_1): LayerNorm((512,), eps=1e-05, elementwise_affine=True)
          (mlp): Sequential(
            (c_fc): Linear(in_features=512, out_features=2048, bias=True)
            (gelu): QuickGELU()
            (c_proj): Linear(in_features=2048, out_features=512, bias=True)
          )
          (ln_2): LayerNorm((512,), eps=1e-05, elementwise_affine=True)
        )
        (6): ResidualAttentionBlock(
          (attn): MultiheadAttention(
            (out_proj): NonDynamicallyQuantizableLinear(in_features=512, out_features=512, bias=True)
          )
          (ln_1): LayerNorm((512,), eps=1e-05, elementwise_affine=True)
          (mlp): Sequential(
            (c_fc): Linear(in_features=512, out_features=2048, bias=True)
            (gelu): QuickGELU()
            (c_proj): Linear(in_features=2048, out_features=512, bias=True)
          )
          (ln_2): LayerNorm((512,), eps=1e-05, elementwise_affine=True)
        )
        (7): ResidualAttentionBlock(
          (attn): MultiheadAttention(
            (out_proj): NonDynamicallyQuantizableLinear(in_features=512, out_features=512, bias=True)
          )
          (ln_1): LayerNorm((512,), eps=1e-05, elementwise_affine=True)
          (mlp): Sequential(
            (c_fc): Linear(in_features=512, out_features=2048, bias=True)
            (gelu): QuickGELU()
            (c_proj): Linear(in_features=2048, out_features=512, bias=True)
          )
          (ln_2): LayerNorm((512,), eps=1e-05, elementwise_affine=True)
        )
        (8): ResidualAttentionBlock(
          (attn): MultiheadAttention(
            (out_proj): NonDynamicallyQuantizableLinear(in_features=512, out_features=512, bias=True)
          )
          (ln_1): LayerNorm((512,), eps=1e-05, elementwise_affine=True)
          (mlp): Sequential(
            (c_fc): Linear(in_features=512, out_features=2048, bias=True)
            (gelu): QuickGELU()
            (c_proj): Linear(in_features=2048, out_features=512, bias=True)
          )
          (ln_2): LayerNorm((512,), eps=1e-05, elementwise_affine=True)
        )
        (9): ResidualAttentionBlock(
          (attn): MultiheadAttention(
            (out_proj): NonDynamicallyQuantizableLinear(in_features=512, out_features=512, bias=True)
          )
          (ln_1): LayerNorm((512,), eps=1e-05, elementwise_affine=True)
          (mlp): Sequential(
            (c_fc): Linear(in_features=512, out_features=2048, bias=True)
            (gelu): QuickGELU()
            (c_proj): Linear(in_features=2048, out_features=512, bias=True)
          )
          (ln_2): LayerNorm((512,), eps=1e-05, elementwise_affine=True)
        )
        (10): ResidualAttentionBlock(
          (attn): MultiheadAttention(
            (out_proj): NonDynamicallyQuantizableLinear(in_features=512, out_features=512, bias=True)
          )
          (ln_1): LayerNorm((512,), eps=1e-05, elementwise_affine=True)
          (mlp): Sequential(
            (c_fc): Linear(in_features=512, out_features=2048, bias=True)
            (gelu): QuickGELU()
            (c_proj): Linear(in_features=2048, out_features=512, bias=True)
          )
          (ln_2): LayerNorm((512,), eps=1e-05, elementwise_affine=True)
        )
        (11): ResidualAttentionBlock(
          (attn): MultiheadAttention(
            (out_proj): NonDynamicallyQuantizableLinear(in_features=512, out_features=512, bias=True)
          )
          (ln_1): LayerNorm((512,), eps=1e-05, elementwise_affine=True)
          (mlp): Sequential(
            (c_fc): Linear(in_features=512, out_features=2048, bias=True)
            (gelu): QuickGELU()
            (c_proj): Linear(in_features=2048, out_features=512, bias=True)
          )
          (ln_2): LayerNorm((512,), eps=1e-05, elementwise_affine=True)
        )
      )
    )
    (token_embedding): Embedding(49408, 512)
    (ln_final): LayerNorm((512,), eps=1e-05, elementwise_affine=True)
  )
  (image_adapter1): ImageAdapter(
    (attention): MultiheadAttention(
      (out_proj): NonDynamicallyQuantizableLinear(in_features=768, out_features=768, bias=True)
    )
    (mlp): Sequential(
      (0): Linear(in_features=768, out_features=192, bias=True)
      (1): GELU(approximate='none')
      (2): Linear(in_features=192, out_features=768, bias=True)
    )
    (norm1): LayerNorm((768,), eps=1e-05, elementwise_affine=True)
    (norm2): LayerNorm((768,), eps=1e-05, elementwise_affine=True)
  )
  (image_adapter2): ImageAdapter(
    (attention): MultiheadAttention(
      (out_proj): NonDynamicallyQuantizableLinear(in_features=768, out_features=768, bias=True)
    )
    (mlp): Sequential(
      (0): Linear(in_features=768, out_features=192, bias=True)
      (1): GELU(approximate='none')
      (2): Linear(in_features=192, out_features=768, bias=True)
    )
    (norm1): LayerNorm((768,), eps=1e-05, elementwise_affine=True)
    (norm2): LayerNorm((768,), eps=1e-05, elementwise_affine=True)
  )
  (text_adapter): TextAdapter(
    (model): Sequential(
      (0): Linear(in_features=512, out_features=128, bias=True)
      (1): ReLU()
      (2): Linear(in_features=128, out_features=512, bias=True)
    )
    (norm): LayerNorm((512,), eps=1e-05, elementwise_affine=True)
  )
)

Join ratio / total clients: 1.0 / 4
Finished creating server and clients.

-------------Round number: 0-------------

Evaluate global model
Client 0 test data size: 80
torch.Size([10, 512])
torch.Size([2, 512])
torch.Size([10, 2])
torch.Size([10, 512])
torch.Size([2, 512])
torch.Size([10, 2])
torch.Size([10, 512])
torch.Size([2, 512])
torch.Size([10, 2])
torch.Size([10, 512])
torch.Size([2, 512])
torch.Size([10, 2])
torch.Size([10, 512])
torch.Size([2, 512])
torch.Size([10, 2])
torch.Size([10, 512])
torch.Size([2, 512])
torch.Size([10, 2])
torch.Size([10, 512])
torch.Size([2, 512])
torch.Size([10, 2])
torch.Size([10, 512])
torch.Size([2, 512])
torch.Size([10, 2])
Client 1 test data size: 1375
torch.Size([10, 512])
torch.Size([2, 512])
torch.Size([10, 2])
torch.Size([10, 512])
torch.Size([2, 512])
torch.Size([10, 2])
torch.Size([10, 512])
torch.Size([2, 512])
torch.Size([10, 2])
torch.Size([10, 512])
torch.Size([2, 512])
torch.Size([10, 2])
torch.Size([10, 512])
torch.Size([2, 512])
torch.Size([10, 2])
torch.Size([10, 512])
torch.Size([2, 512])
torch.Size([10, 2])
torch.Size([10, 512])
torch.Size([2, 512])
torch.Size([10, 2])
torch.Size([10, 512])
torch.Size([2, 512])
torch.Size([10, 2])
torch.Size([10, 512])
torch.Size([2, 512])
torch.Size([10, 2])
torch.Size([10, 512])
torch.Size([2, 512])
torch.Size([10, 2])
torch.Size([10, 512])
torch.Size([2, 512])
torch.Size([10, 2])
torch.Size([10, 512])
torch.Size([2, 512])
torch.Size([10, 2])
torch.Size([10, 512])
torch.Size([2, 512])
torch.Size([10, 2])
torch.Size([10, 512])
torch.Size([2, 512])
torch.Size([10, 2])
torch.Size([10, 512])
torch.Size([2, 512])
torch.Size([10, 2])
torch.Size([10, 512])
torch.Size([2, 512])
torch.Size([10, 2])
torch.Size([10, 512])
torch.Size([2, 512])
torch.Size([10, 2])
torch.Size([10, 512])
torch.Size([2, 512])
torch.Size([10, 2])
torch.Size([10, 512])
torch.Size([2, 512])
torch.Size([10, 2])
torch.Size([10, 512])
torch.Size([2, 512])
torch.Size([10, 2])
torch.Size([10, 512])
torch.Size([2, 512])
torch.Size([10, 2])
torch.Size([10, 512])
torch.Size([2, 512])
torch.Size([10, 2])
torch.Size([10, 512])
torch.Size([2, 512])
torch.Size([10, 2])
torch.Size([10, 512])
torch.Size([2, 512])
torch.Size([10, 2])
torch.Size([10, 512])
torch.Size([2, 512])
torch.Size([10, 2])
torch.Size([10, 512])
torch.Size([2, 512])
torch.Size([10, 2])
torch.Size([10, 512])
torch.Size([2, 512])
torch.Size([10, 2])
torch.Size([10, 512])
torch.Size([2, 512])
torch.Size([10, 2])
torch.Size([10, 512])
torch.Size([2, 512])
torch.Size([10, 2])
torch.Size([10, 512])
torch.Size([2, 512])
torch.Size([10, 2])
torch.Size([10, 512])
torch.Size([2, 512])
torch.Size([10, 2])
torch.Size([10, 512])
torch.Size([2, 512])
torch.Size([10, 2])
torch.Size([10, 512])
torch.Size([2, 512])
torch.Size([10, 2])
torch.Size([10, 512])
torch.Size([2, 512])
torch.Size([10, 2])
torch.Size([10, 512])
torch.Size([2, 512])
torch.Size([10, 2])
torch.Size([10, 512])
torch.Size([2, 512])
torch.Size([10, 2])
torch.Size([10, 512])
torch.Size([2, 512])
torch.Size([10, 2])
torch.Size([10, 512])
torch.Size([2, 512])
torch.Size([10, 2])
torch.Size([10, 512])
torch.Size([2, 512])
torch.Size([10, 2])
torch.Size([10, 512])
torch.Size([2, 512])
torch.Size([10, 2])
torch.Size([10, 512])
torch.Size([2, 512])
torch.Size([10, 2])
torch.Size([10, 512])
torch.Size([2, 512])
torch.Size([10, 2])
torch.Size([10, 512])
torch.Size([2, 512])
torch.Size([10, 2])
torch.Size([10, 512])
torch.Size([2, 512])
torch.Size([10, 2])
torch.Size([10, 512])
torch.Size([2, 512])
torch.Size([10, 2])
torch.Size([10, 512])
torch.Size([2, 512])
torch.Size([10, 2])
torch.Size([10, 512])
torch.Size([2, 512])
torch.Size([10, 2])
torch.Size([10, 512])
torch.Size([2, 512])
torch.Size([10, 2])
torch.Size([10, 512])
torch.Size([2, 512])
torch.Size([10, 2])
torch.Size([10, 512])
torch.Size([2, 512])
torch.Size([10, 2])
torch.Size([10, 512])
torch.Size([2, 512])
torch.Size([10, 2])
torch.Size([10, 512])
torch.Size([2, 512])
torch.Size([10, 2])
torch.Size([10, 512])
torch.Size([2, 512])
torch.Size([10, 2])
torch.Size([10, 512])
torch.Size([2, 512])
torch.Size([10, 2])
torch.Size([10, 512])
torch.Size([2, 512])
torch.Size([10, 2])
torch.Size([10, 512])
torch.Size([2, 512])
torch.Size([10, 2])
torch.Size([10, 512])
torch.Size([2, 512])
torch.Size([10, 2])
torch.Size([10, 512])
torch.Size([2, 512])
torch.Size([10, 2])
torch.Size([10, 512])
torch.Size([2, 512])
torch.Size([10, 2])
torch.Size([10, 512])
torch.Size([2, 512])
torch.Size([10, 2])
torch.Size([10, 512])
torch.Size([2, 512])
torch.Size([10, 2])
torch.Size([10, 512])
torch.Size([2, 512])
torch.Size([10, 2])
torch.Size([10, 512])
torch.Size([2, 512])
torch.Size([10, 2])
torch.Size([10, 512])
torch.Size([2, 512])
torch.Size([10, 2])
torch.Size([10, 512])
torch.Size([2, 512])
torch.Size([10, 2])
torch.Size([10, 512])
torch.Size([2, 512])
torch.Size([10, 2])
torch.Size([10, 512])
torch.Size([2, 512])
torch.Size([10, 2])
torch.Size([10, 512])
torch.Size([2, 512])
torch.Size([10, 2])
torch.Size([10, 512])
torch.Size([2, 512])
torch.Size([10, 2])
torch.Size([10, 512])
torch.Size([2, 512])
torch.Size([10, 2])
torch.Size([10, 512])
torch.Size([2, 512])
torch.Size([10, 2])
torch.Size([10, 512])
torch.Size([2, 512])
torch.Size([10, 2])
torch.Size([10, 512])
torch.Size([2, 512])
torch.Size([10, 2])
torch.Size([10, 512])
torch.Size([2, 512])
torch.Size([10, 2])
torch.Size([10, 512])
torch.Size([2, 512])
torch.Size([10, 2])
torch.Size([10, 512])
torch.Size([2, 512])
torch.Size([10, 2])
torch.Size([10, 512])
torch.Size([2, 512])
torch.Size([10, 2])
torch.Size([10, 512])
torch.Size([2, 512])
torch.Size([10, 2])
torch.Size([10, 512])
torch.Size([2, 512])
torch.Size([10, 2])
torch.Size([10, 512])
torch.Size([2, 512])
torch.Size([10, 2])
torch.Size([10, 512])
torch.Size([2, 512])
torch.Size([10, 2])
torch.Size([10, 512])
torch.Size([2, 512])
torch.Size([10, 2])
torch.Size([10, 512])
torch.Size([2, 512])
torch.Size([10, 2])
torch.Size([10, 512])
torch.Size([2, 512])
torch.Size([10, 2])
torch.Size([10, 512])
torch.Size([2, 512])
torch.Size([10, 2])
torch.Size([10, 512])
torch.Size([2, 512])
torch.Size([10, 2])
torch.Size([10, 512])
torch.Size([2, 512])
torch.Size([10, 2])
torch.Size([10, 512])
torch.Size([2, 512])
torch.Size([10, 2])
torch.Size([10, 512])
torch.Size([2, 512])
torch.Size([10, 2])
torch.Size([10, 512])
torch.Size([2, 512])
torch.Size([10, 2])
torch.Size([10, 512])
torch.Size([2, 512])
torch.Size([10, 2])
torch.Size([10, 512])
torch.Size([2, 512])
torch.Size([10, 2])
torch.Size([10, 512])
torch.Size([2, 512])
torch.Size([10, 2])
torch.Size([10, 512])
torch.Size([2, 512])
torch.Size([10, 2])
torch.Size([10, 512])
torch.Size([2, 512])
torch.Size([10, 2])
torch.Size([10, 512])
torch.Size([2, 512])
torch.Size([10, 2])
torch.Size([10, 512])
torch.Size([2, 512])
torch.Size([10, 2])
torch.Size([10, 512])
torch.Size([2, 512])
torch.Size([10, 2])
torch.Size([10, 512])
torch.Size([2, 512])
torch.Size([10, 2])
torch.Size([10, 512])
torch.Size([2, 512])
torch.Size([10, 2])
torch.Size([10, 512])
torch.Size([2, 512])
torch.Size([10, 2])
torch.Size([10, 512])
torch.Size([2, 512])
torch.Size([10, 2])
torch.Size([10, 512])
torch.Size([2, 512])
torch.Size([10, 2])
torch.Size([10, 512])
torch.Size([2, 512])
torch.Size([10, 2])
torch.Size([10, 512])
torch.Size([2, 512])
torch.Size([10, 2])
torch.Size([10, 512])
torch.Size([2, 512])
torch.Size([10, 2])
torch.Size([10, 512])
torch.Size([2, 512])
torch.Size([10, 2])
torch.Size([10, 512])
torch.Size([2, 512])
torch.Size([10, 2])
torch.Size([10, 512])
torch.Size([2, 512])
torch.Size([10, 2])
torch.Size([10, 512])
torch.Size([2, 512])
torch.Size([10, 2])
torch.Size([10, 512])
torch.Size([2, 512])
torch.Size([10, 2])
torch.Size([10, 512])
torch.Size([2, 512])
torch.Size([10, 2])
torch.Size([10, 512])
torch.Size([2, 512])
torch.Size([10, 2])
torch.Size([10, 512])
torch.Size([2, 512])
torch.Size([10, 2])
torch.Size([10, 512])
torch.Size([2, 512])
torch.Size([10, 2])
torch.Size([10, 512])
torch.Size([2, 512])
torch.Size([10, 2])
torch.Size([10, 512])
torch.Size([2, 512])
torch.Size([10, 2])
torch.Size([10, 512])
torch.Size([2, 512])
torch.Size([10, 2])
torch.Size([10, 512])
torch.Size([2, 512])
torch.Size([10, 2])
torch.Size([10, 512])
torch.Size([2, 512])
torch.Size([10, 2])
torch.Size([10, 512])
torch.Size([2, 512])
torch.Size([10, 2])
torch.Size([10, 512])
torch.Size([2, 512])
torch.Size([10, 2])
torch.Size([10, 512])
torch.Size([2, 512])
torch.Size([10, 2])
torch.Size([10, 512])
torch.Size([2, 512])
torch.Size([10, 2])
torch.Size([10, 512])
torch.Size([2, 512])
torch.Size([10, 2])
torch.Size([10, 512])
torch.Size([2, 512])
torch.Size([10, 2])
torch.Size([10, 512])
torch.Size([2, 512])
torch.Size([10, 2])
torch.Size([10, 512])
torch.Size([2, 512])
torch.Size([10, 2])
torch.Size([10, 512])
torch.Size([2, 512])
torch.Size([10, 2])
torch.Size([10, 512])
torch.Size([2, 512])
torch.Size([10, 2])
torch.Size([10, 512])
torch.Size([2, 512])
torch.Size([10, 2])
torch.Size([10, 512])
torch.Size([2, 512])
torch.Size([10, 2])
torch.Size([10, 512])
torch.Size([2, 512])
torch.Size([10, 2])
torch.Size([10, 512])
torch.Size([2, 512])
torch.Size([10, 2])
torch.Size([10, 512])
torch.Size([2, 512])
torch.Size([10, 2])
torch.Size([10, 512])
torch.Size([2, 512])
torch.Size([10, 2])
torch.Size([10, 512])
torch.Size([2, 512])
torch.Size([10, 2])
torch.Size([5, 512])
torch.Size([2, 512])
torch.Size([5, 2])
Client 2 test data size: 115
torch.Size([10, 512])
torch.Size([2, 512])
torch.Size([10, 2])
torch.Size([10, 512])
torch.Size([2, 512])
torch.Size([10, 2])
torch.Size([10, 512])
torch.Size([2, 512])
torch.Size([10, 2])
torch.Size([10, 512])
torch.Size([2, 512])
torch.Size([10, 2])
torch.Size([10, 512])
torch.Size([2, 512])
torch.Size([10, 2])
torch.Size([10, 512])
torch.Size([2, 512])
torch.Size([10, 2])
torch.Size([10, 512])
torch.Size([2, 512])
torch.Size([10, 2])
torch.Size([10, 512])
torch.Size([2, 512])
torch.Size([10, 2])
torch.Size([10, 512])
torch.Size([2, 512])
torch.Size([10, 2])
torch.Size([10, 512])
torch.Size([2, 512])
torch.Size([10, 2])
torch.Size([10, 512])
torch.Size([2, 512])
torch.Size([10, 2])
torch.Size([5, 512])
torch.Size([2, 512])
torch.Size([5, 2])
Client 3 test data size: 669
torch.Size([10, 512])
torch.Size([2, 512])
torch.Size([10, 2])
torch.Size([10, 512])
torch.Size([2, 512])
torch.Size([10, 2])
torch.Size([10, 512])
torch.Size([2, 512])
torch.Size([10, 2])
torch.Size([10, 512])
torch.Size([2, 512])
torch.Size([10, 2])
torch.Size([10, 512])
torch.Size([2, 512])
torch.Size([10, 2])
torch.Size([10, 512])
torch.Size([2, 512])
torch.Size([10, 2])
torch.Size([10, 512])
torch.Size([2, 512])
torch.Size([10, 2])
torch.Size([10, 512])
torch.Size([2, 512])
torch.Size([10, 2])
torch.Size([10, 512])
torch.Size([2, 512])
torch.Size([10, 2])
torch.Size([10, 512])
torch.Size([2, 512])
torch.Size([10, 2])
torch.Size([10, 512])
torch.Size([2, 512])
torch.Size([10, 2])
torch.Size([10, 512])
torch.Size([2, 512])
torch.Size([10, 2])
torch.Size([10, 512])
torch.Size([2, 512])
torch.Size([10, 2])
torch.Size([10, 512])
torch.Size([2, 512])
torch.Size([10, 2])
torch.Size([10, 512])
torch.Size([2, 512])
torch.Size([10, 2])
torch.Size([10, 512])
torch.Size([2, 512])
torch.Size([10, 2])
torch.Size([10, 512])
torch.Size([2, 512])
torch.Size([10, 2])
torch.Size([10, 512])
torch.Size([2, 512])
torch.Size([10, 2])
torch.Size([10, 512])
torch.Size([2, 512])
torch.Size([10, 2])
torch.Size([10, 512])
torch.Size([2, 512])
torch.Size([10, 2])
torch.Size([10, 512])
torch.Size([2, 512])
torch.Size([10, 2])
torch.Size([10, 512])
torch.Size([2, 512])
torch.Size([10, 2])
torch.Size([10, 512])
torch.Size([2, 512])
torch.Size([10, 2])
torch.Size([10, 512])
torch.Size([2, 512])
torch.Size([10, 2])
torch.Size([10, 512])
torch.Size([2, 512])
torch.Size([10, 2])
torch.Size([10, 512])
torch.Size([2, 512])
torch.Size([10, 2])
torch.Size([10, 512])
torch.Size([2, 512])
torch.Size([10, 2])
torch.Size([10, 512])
torch.Size([2, 512])
torch.Size([10, 2])
torch.Size([10, 512])
torch.Size([2, 512])
torch.Size([10, 2])
torch.Size([10, 512])
torch.Size([2, 512])
torch.Size([10, 2])
torch.Size([10, 512])
torch.Size([2, 512])
torch.Size([10, 2])
torch.Size([10, 512])
torch.Size([2, 512])
torch.Size([10, 2])
torch.Size([10, 512])
torch.Size([2, 512])
torch.Size([10, 2])
torch.Size([10, 512])
torch.Size([2, 512])
torch.Size([10, 2])
torch.Size([10, 512])
torch.Size([2, 512])
torch.Size([10, 2])
torch.Size([10, 512])
torch.Size([2, 512])
torch.Size([10, 2])
torch.Size([10, 512])
torch.Size([2, 512])
torch.Size([10, 2])
torch.Size([10, 512])
torch.Size([2, 512])
torch.Size([10, 2])
torch.Size([10, 512])
torch.Size([2, 512])
torch.Size([10, 2])
torch.Size([10, 512])
torch.Size([2, 512])
torch.Size([10, 2])
torch.Size([10, 512])
torch.Size([2, 512])
torch.Size([10, 2])
torch.Size([10, 512])
torch.Size([2, 512])
torch.Size([10, 2])
torch.Size([10, 512])
torch.Size([2, 512])
torch.Size([10, 2])
torch.Size([10, 512])
torch.Size([2, 512])
torch.Size([10, 2])
torch.Size([10, 512])
torch.Size([2, 512])
torch.Size([10, 2])
torch.Size([10, 512])
torch.Size([2, 512])
torch.Size([10, 2])
torch.Size([10, 512])
torch.Size([2, 512])
torch.Size([10, 2])
torch.Size([10, 512])
torch.Size([2, 512])
torch.Size([10, 2])
torch.Size([10, 512])
torch.Size([2, 512])
torch.Size([10, 2])
torch.Size([10, 512])
torch.Size([2, 512])
torch.Size([10, 2])
torch.Size([10, 512])
torch.Size([2, 512])
torch.Size([10, 2])
torch.Size([10, 512])
torch.Size([2, 512])
torch.Size([10, 2])
torch.Size([10, 512])
torch.Size([2, 512])
torch.Size([10, 2])
torch.Size([10, 512])
torch.Size([2, 512])
torch.Size([10, 2])
torch.Size([10, 512])
torch.Size([2, 512])
torch.Size([10, 2])
torch.Size([10, 512])
torch.Size([2, 512])
torch.Size([10, 2])
torch.Size([10, 512])
torch.Size([2, 512])
torch.Size([10, 2])
torch.Size([10, 512])
torch.Size([2, 512])
torch.Size([10, 2])
torch.Size([10, 512])
torch.Size([2, 512])
torch.Size([10, 2])
torch.Size([10, 512])
torch.Size([2, 512])
torch.Size([10, 2])
torch.Size([10, 512])
torch.Size([2, 512])
torch.Size([10, 2])
torch.Size([10, 512])
torch.Size([2, 512])
torch.Size([10, 2])
torch.Size([10, 512])
torch.Size([2, 512])
torch.Size([10, 2])
torch.Size([10, 512])
torch.Size([2, 512])
torch.Size([10, 2])
torch.Size([10, 512])
torch.Size([2, 512])
torch.Size([10, 2])
torch.Size([10, 512])
torch.Size([2, 512])
torch.Size([10, 2])
torch.Size([9, 512])
torch.Size([2, 512])
torch.Size([9, 2])
torch.Size([10, 512])
torch.Size([2, 512])
torch.Size([10, 2])
torch.Size([10, 512])
torch.Size([2, 512])
torch.Size([10, 2])
torch.Size([10, 512])
torch.Size([2, 512])
torch.Size([10, 2])
torch.Size([10, 512])
torch.Size([2, 512])
torch.Size([10, 2])
torch.Size([10, 512])
torch.Size([2, 512])
torch.Size([10, 2])
torch.Size([10, 512])
torch.Size([2, 512])
torch.Size([10, 2])
torch.Size([10, 512])
torch.Size([2, 512])
torch.Size([10, 2])
torch.Size([10, 512])
torch.Size([2, 512])
torch.Size([10, 2])
torch.Size([10, 512])
torch.Size([2, 512])
torch.Size([10, 2])
torch.Size([10, 512])
torch.Size([2, 512])
torch.Size([10, 2])
torch.Size([10, 512])
torch.Size([2, 512])
torch.Size([10, 2])
torch.Size([10, 512])
torch.Size([2, 512])
torch.Size([10, 2])
torch.Size([10, 512])
torch.Size([2, 512])
torch.Size([10, 2])
torch.Size([10, 512])
torch.Size([2, 512])
torch.Size([10, 2])
torch.Size([10, 512])
torch.Size([2, 512])
torch.Size([10, 2])
torch.Size([10, 512])
torch.Size([2, 512])
torch.Size([10, 2])
torch.Size([10, 512])
torch.Size([2, 512])
torch.Size([10, 2])
torch.Size([10, 512])
torch.Size([2, 512])
torch.Size([10, 2])
torch.Size([10, 512])
torch.Size([2, 512])
torch.Size([10, 2])
torch.Size([10, 512])
torch.Size([2, 512])
torch.Size([10, 2])
torch.Size([10, 512])
torch.Size([2, 512])
torch.Size([10, 2])
torch.Size([10, 512])
torch.Size([2, 512])
torch.Size([10, 2])
torch.Size([10, 512])
torch.Size([2, 512])
torch.Size([10, 2])
torch.Size([10, 512])
torch.Size([2, 512])
torch.Size([10, 2])
torch.Size([10, 512])
torch.Size([2, 512])
torch.Size([10, 2])
torch.Size([10, 512])
torch.Size([2, 512])
torch.Size([10, 2])
torch.Size([10, 512])
torch.Size([2, 512])
torch.Size([10, 2])
torch.Size([10, 512])
torch.Size([2, 512])
torch.Size([10, 2])
torch.Size([10, 512])
torch.Size([2, 512])
torch.Size([10, 2])
torch.Size([10, 512])
torch.Size([2, 512])
torch.Size([10, 2])
torch.Size([10, 512])
torch.Size([2, 512])
torch.Size([10, 2])
torch.Size([10, 512])
torch.Size([2, 512])
torch.Size([10, 2])
torch.Size([10, 512])
torch.Size([2, 512])
torch.Size([10, 2])
torch.Size([10, 512])
torch.Size([2, 512])
torch.Size([10, 2])
torch.Size([10, 512])
torch.Size([2, 512])
torch.Size([10, 2])
torch.Size([10, 512])
torch.Size([2, 512])
torch.Size([10, 2])
torch.Size([10, 512])
torch.Size([2, 512])
torch.Size([10, 2])
torch.Size([10, 512])
torch.Size([2, 512])
torch.Size([10, 2])
torch.Size([10, 512])
torch.Size([2, 512])
torch.Size([10, 2])
torch.Size([10, 512])
torch.Size([2, 512])
torch.Size([10, 2])
torch.Size([10, 512])
torch.Size([2, 512])
torch.Size([10, 2])
torch.Size([10, 512])
torch.Size([2, 512])
torch.Size([10, 2])
torch.Size([10, 512])
torch.Size([2, 512])
torch.Size([10, 2])
torch.Size([10, 512])
torch.Size([2, 512])
torch.Size([10, 2])
torch.Size([10, 512])
torch.Size([2, 512])
torch.Size([10, 2])
torch.Size([10, 512])
torch.Size([2, 512])
torch.Size([10, 2])
torch.Size([10, 512])
torch.Size([2, 512])
torch.Size([10, 2])
torch.Size([10, 512])
torch.Size([2, 512])
torch.Size([10, 2])
torch.Size([10, 512])
torch.Size([2, 512])
torch.Size([10, 2])
torch.Size([10, 512])
torch.Size([2, 512])
torch.Size([10, 2])
torch.Size([10, 512])
torch.Size([2, 512])
torch.Size([10, 2])
torch.Size([10, 512])
torch.Size([2, 512])
torch.Size([10, 2])
torch.Size([10, 512])
torch.Size([2, 512])
torch.Size([10, 2])
torch.Size([10, 512])
torch.Size([2, 512])
torch.Size([10, 2])
torch.Size([10, 512])
torch.Size([2, 512])
torch.Size([10, 2])
torch.Size([10, 512])
torch.Size([2, 512])
torch.Size([10, 2])
torch.Size([10, 512])
torch.Size([2, 512])
torch.Size([10, 2])
torch.Size([10, 512])
torch.Size([2, 512])
torch.Size([10, 2])
torch.Size([10, 512])
torch.Size([2, 512])
torch.Size([10, 2])
torch.Size([10, 512])
torch.Size([2, 512])
torch.Size([10, 2])
torch.Size([10, 512])
torch.Size([2, 512])
torch.Size([10, 2])
torch.Size([10, 512])
torch.Size([2, 512])
torch.Size([10, 2])
torch.Size([10, 512])
torch.Size([2, 512])
torch.Size([10, 2])
torch.Size([10, 512])
torch.Size([2, 512])
torch.Size([10, 2])
torch.Size([10, 512])
torch.Size([2, 512])
torch.Size([10, 2])
torch.Size([10, 512])
torch.Size([2, 512])
torch.Size([10, 2])
torch.Size([10, 512])
torch.Size([2, 512])
torch.Size([10, 2])
torch.Size([10, 512])
torch.Size([2, 512])
torch.Size([10, 2])
torch.Size([10, 512])
torch.Size([2, 512])
torch.Size([10, 2])
torch.Size([10, 512])
torch.Size([2, 512])
torch.Size([10, 2])
torch.Size([10, 512])
torch.Size([2, 512])
torch.Size([10, 2])
torch.Size([10, 512])
torch.Size([2, 512])
torch.Size([10, 2])
torch.Size([10, 512])
torch.Size([2, 512])
torch.Size([10, 2])
torch.Size([10, 512])
torch.Size([2, 512])
torch.Size([10, 2])
torch.Size([10, 512])
torch.Size([2, 512])
torch.Size([10, 2])
torch.Size([10, 512])
torch.Size([2, 512])
torch.Size([10, 2])
torch.Size([10, 512])
torch.Size([2, 512])
torch.Size([10, 2])
torch.Size([10, 512])
torch.Size([2, 512])
torch.Size([10, 2])
torch.Size([10, 512])
torch.Size([2, 512])
torch.Size([10, 2])
torch.Size([10, 512])
torch.Size([2, 512])
torch.Size([10, 2])
torch.Size([10, 512])
torch.Size([2, 512])
torch.Size([10, 2])
torch.Size([10, 512])
torch.Size([2, 512])
torch.Size([10, 2])
torch.Size([10, 512])
torch.Size([2, 512])
torch.Size([10, 2])
torch.Size([10, 512])
torch.Size([2, 512])
torch.Size([10, 2])
torch.Size([10, 512])
torch.Size([2, 512])
torch.Size([10, 2])
torch.Size([10, 512])
torch.Size([2, 512])
torch.Size([10, 2])
torch.Size([10, 512])
torch.Size([2, 512])
torch.Size([10, 2])
torch.Size([10, 512])
torch.Size([2, 512])
torch.Size([10, 2])
torch.Size([10, 512])
torch.Size([2, 512])
torch.Size([10, 2])
torch.Size([10, 512])
torch.Size([2, 512])
torch.Size([10, 2])
torch.Size([10, 512])
torch.Size([2, 512])
torch.Size([10, 2])
torch.Size([10, 512])
torch.Size([2, 512])
torch.Size([10, 2])
torch.Size([10, 512])
torch.Size([2, 512])
torch.Size([10, 2])
torch.Size([10, 512])
torch.Size([2, 512])
torch.Size([10, 2])
torch.Size([10, 512])
torch.Size([2, 512])
torch.Size([10, 2])
torch.Size([10, 512])
torch.Size([2, 512])
torch.Size([10, 2])
torch.Size([10, 512])
torch.Size([2, 512])
torch.Size([10, 2])
torch.Size([10, 512])
torch.Size([2, 512])
torch.Size([10, 2])
torch.Size([10, 512])
torch.Size([2, 512])
torch.Size([10, 2])
torch.Size([10, 512])
torch.Size([2, 512])
torch.Size([10, 2])
torch.Size([10, 512])
torch.Size([2, 512])
torch.Size([10, 2])
torch.Size([10, 512])
torch.Size([2, 512])
torch.Size([10, 2])
torch.Size([10, 512])
torch.Size([2, 512])
torch.Size([10, 2])
torch.Size([10, 512])
torch.Size([2, 512])
torch.Size([10, 2])
torch.Size([10, 512])
torch.Size([2, 512])
torch.Size([10, 2])
torch.Size([10, 512])
torch.Size([2, 512])
torch.Size([10, 2])
torch.Size([10, 512])
torch.Size([2, 512])
torch.Size([10, 2])
torch.Size([10, 512])
torch.Size([2, 512])
torch.Size([10, 2])
torch.Size([10, 512])
torch.Size([2, 512])
torch.Size([10, 2])
torch.Size([10, 512])
torch.Size([2, 512])
torch.Size([10, 2])
torch.Size([10, 512])
torch.Size([2, 512])
torch.Size([10, 2])
torch.Size([10, 512])
torch.Size([2, 512])
torch.Size([10, 2])
torch.Size([10, 512])
torch.Size([2, 512])
torch.Size([10, 2])
torch.Size([10, 512])
torch.Size([2, 512])
torch.Size([10, 2])
torch.Size([10, 512])
torch.Size([2, 512])
torch.Size([10, 2])
torch.Size([10, 512])
torch.Size([2, 512])
torch.Size([10, 2])
torch.Size([10, 512])
torch.Size([2, 512])
torch.Size([10, 2])
torch.Size([10, 512])
torch.Size([2, 512])
torch.Size([10, 2])
torch.Size([10, 512])
torch.Size([2, 512])
torch.Size([10, 2])
torch.Size([10, 512])
torch.Size([2, 512])
torch.Size([10, 2])
torch.Size([10, 512])
torch.Size([2, 512])
torch.Size([10, 2])
torch.Size([10, 512])
torch.Size([2, 512])
torch.Size([10, 2])
torch.Size([10, 512])
torch.Size([2, 512])
torch.Size([10, 2])
torch.Size([10, 512])
torch.Size([2, 512])
torch.Size([10, 2])
torch.Size([10, 512])
torch.Size([2, 512])
torch.Size([10, 2])
torch.Size([10, 512])
torch.Size([2, 512])
torch.Size([10, 2])
torch.Size([10, 512])
torch.Size([2, 512])
torch.Size([10, 2])
torch.Size([10, 512])
torch.Size([2, 512])
torch.Size([10, 2])
torch.Size([10, 512])
torch.Size([2, 512])
torch.Size([10, 2])
torch.Size([10, 512])
torch.Size([2, 512])
torch.Size([10, 2])
torch.Size([10, 512])
torch.Size([2, 512])
torch.Size([10, 2])
torch.Size([10, 512])
torch.Size([2, 512])
torch.Size([10, 2])
torch.Size([10, 512])
torch.Size([2, 512])
torch.Size([10, 2])
torch.Size([10, 512])
torch.Size([2, 512])
torch.Size([10, 2])
torch.Size([10, 512])
torch.Size([2, 512])
torch.Size([10, 2])
torch.Size([10, 512])
torch.Size([2, 512])
torch.Size([10, 2])
torch.Size([10, 512])
torch.Size([2, 512])
torch.Size([10, 2])
torch.Size([10, 512])
torch.Size([2, 512])
torch.Size([10, 2])
torch.Size([10, 512])
torch.Size([2, 512])
torch.Size([10, 2])
torch.Size([10, 512])
torch.Size([2, 512])
torch.Size([10, 2])
torch.Size([10, 512])
torch.Size([2, 512])
torch.Size([10, 2])
torch.Size([10, 512])
torch.Size([2, 512])
torch.Size([10, 2])
torch.Size([10, 512])
torch.Size([2, 512])
torch.Size([10, 2])
torch.Size([10, 512])
torch.Size([2, 512])
torch.Size([10, 2])
torch.Size([10, 512])
torch.Size([2, 512])
torch.Size([10, 2])
torch.Size([10, 512])
torch.Size([2, 512])
torch.Size([10, 2])
torch.Size([10, 512])
torch.Size([2, 512])
torch.Size([10, 2])
torch.Size([10, 512])
torch.Size([2, 512])
torch.Size([10, 2])
torch.Size([10, 512])
torch.Size([2, 512])
torch.Size([10, 2])
torch.Size([10, 512])
torch.Size([2, 512])
torch.Size([10, 2])
torch.Size([10, 512])
torch.Size([2, 512])
torch.Size([10, 2])
torch.Size([10, 512])
torch.Size([2, 512])
torch.Size([10, 2])
torch.Size([10, 512])
torch.Size([2, 512])
torch.Size([10, 2])
torch.Size([10, 512])
torch.Size([2, 512])
torch.Size([10, 2])
torch.Size([10, 512])
torch.Size([2, 512])
torch.Size([10, 2])
torch.Size([10, 512])
torch.Size([2, 512])
torch.Size([10, 2])
torch.Size([10, 512])
torch.Size([2, 512])
torch.Size([10, 2])
torch.Size([10, 512])
torch.Size([2, 512])
torch.Size([10, 2])
torch.Size([10, 512])
torch.Size([2, 512])
torch.Size([10, 2])
torch.Size([10, 512])
torch.Size([2, 512])
torch.Size([10, 2])
torch.Size([10, 512])
torch.Size([2, 512])
torch.Size([10, 2])
torch.Size([10, 512])
torch.Size([2, 512])
torch.Size([10, 2])
torch.Size([10, 512])
torch.Size([2, 512])
torch.Size([10, 2])
torch.Size([10, 512])
torch.Size([2, 512])
torch.Size([10, 2])
torch.Size([10, 512])
torch.Size([2, 512])
torch.Size([10, 2])
torch.Size([10, 512])
torch.Size([2, 512])
torch.Size([10, 2])
torch.Size([10, 512])
torch.Size([2, 512])
torch.Size([10, 2])
torch.Size([10, 512])
torch.Size([2, 512])
torch.Size([10, 2])
torch.Size([10, 512])
torch.Size([2, 512])
torch.Size([10, 2])
torch.Size([10, 512])
torch.Size([2, 512])
torch.Size([10, 2])
torch.Size([10, 512])
torch.Size([2, 512])
torch.Size([10, 2])
torch.Size([10, 512])
torch.Size([2, 512])
torch.Size([10, 2])
torch.Size([10, 512])
torch.Size([2, 512])
torch.Size([10, 2])
torch.Size([10, 512])
torch.Size([2, 512])
torch.Size([10, 2])
torch.Size([10, 512])
torch.Size([2, 512])
torch.Size([10, 2])
torch.Size([10, 512])
torch.Size([2, 512])
torch.Size([10, 2])
torch.Size([10, 512])
torch.Size([2, 512])
torch.Size([10, 2])
torch.Size([10, 512])
torch.Size([2, 512])
torch.Size([10, 2])
torch.Size([10, 512])
torch.Size([2, 512])
torch.Size([10, 2])
torch.Size([10, 512])
torch.Size([2, 512])
torch.Size([10, 2])
torch.Size([10, 512])
torch.Size([2, 512])
torch.Size([10, 2])
torch.Size([10, 512])
torch.Size([2, 512])
torch.Size([10, 2])
torch.Size([10, 512])
torch.Size([2, 512])
torch.Size([10, 2])
torch.Size([10, 512])
torch.Size([2, 512])
torch.Size([10, 2])
torch.Size([10, 512])
torch.Size([2, 512])
torch.Size([10, 2])
torch.Size([10, 512])
torch.Size([2, 512])
torch.Size([10, 2])
torch.Size([10, 512])
torch.Size([2, 512])
torch.Size([10, 2])
torch.Size([10, 512])
torch.Size([2, 512])
torch.Size([10, 2])
torch.Size([10, 512])
torch.Size([2, 512])
torch.Size([10, 2])
torch.Size([10, 512])
torch.Size([2, 512])
torch.Size([10, 2])
torch.Size([10, 512])
torch.Size([2, 512])
torch.Size([10, 2])
torch.Size([10, 512])
torch.Size([2, 512])
torch.Size([10, 2])
torch.Size([10, 512])
torch.Size([2, 512])
torch.Size([10, 2])
torch.Size([10, 512])
torch.Size([2, 512])
torch.Size([10, 2])
torch.Size([10, 512])
torch.Size([2, 512])
torch.Size([10, 2])
torch.Size([10, 512])
torch.Size([2, 512])
torch.Size([10, 2])
torch.Size([10, 512])
torch.Size([2, 512])
torch.Size([10, 2])
torch.Size([10, 512])
torch.Size([2, 512])
torch.Size([10, 2])
torch.Size([10, 512])
torch.Size([2, 512])
torch.Size([10, 2])
torch.Size([10, 512])
torch.Size([2, 512])
torch.Size([10, 2])
torch.Size([10, 512])
torch.Size([2, 512])
torch.Size([10, 2])
torch.Size([10, 512])
torch.Size([2, 512])
torch.Size([10, 2])
torch.Size([10, 512])
torch.Size([2, 512])
torch.Size([10, 2])
torch.Size([10, 512])
torch.Size([2, 512])
torch.Size([10, 2])
torch.Size([10, 512])
torch.Size([2, 512])
torch.Size([10, 2])
torch.Size([10, 512])
torch.Size([2, 512])
torch.Size([10, 2])
torch.Size([10, 512])
torch.Size([2, 512])
torch.Size([10, 2])
torch.Size([10, 512])
torch.Size([2, 512])
torch.Size([10, 2])
torch.Size([10, 512])
torch.Size([2, 512])
torch.Size([10, 2])
torch.Size([10, 512])
torch.Size([2, 512])
torch.Size([10, 2])
torch.Size([10, 512])
torch.Size([2, 512])
torch.Size([10, 2])
torch.Size([10, 512])
torch.Size([2, 512])
torch.Size([10, 2])
torch.Size([10, 512])
torch.Size([2, 512])
torch.Size([10, 2])
torch.Size([10, 512])
torch.Size([2, 512])
torch.Size([10, 2])
torch.Size([10, 512])
torch.Size([2, 512])
torch.Size([10, 2])
torch.Size([10, 512])
torch.Size([2, 512])
torch.Size([10, 2])
torch.Size([10, 512])
torch.Size([2, 512])
torch.Size([10, 2])
torch.Size([10, 512])
torch.Size([2, 512])
torch.Size([10, 2])
torch.Size([10, 512])
torch.Size([2, 512])
torch.Size([10, 2])
torch.Size([10, 512])
torch.Size([2, 512])
torch.Size([10, 2])
torch.Size([10, 512])
torch.Size([2, 512])
torch.Size([10, 2])
torch.Size([10, 512])
torch.Size([2, 512])
torch.Size([10, 2])
torch.Size([10, 512])
torch.Size([2, 512])
torch.Size([10, 2])
torch.Size([10, 512])
torch.Size([2, 512])
torch.Size([10, 2])
torch.Size([10, 512])
torch.Size([2, 512])
torch.Size([10, 2])
torch.Size([10, 512])
torch.Size([2, 512])
torch.Size([10, 2])
torch.Size([10, 512])
torch.Size([2, 512])
torch.Size([10, 2])
torch.Size([10, 512])
torch.Size([2, 512])
torch.Size([10, 2])
torch.Size([10, 512])
torch.Size([2, 512])
torch.Size([10, 2])
torch.Size([10, 512])
torch.Size([2, 512])
torch.Size([10, 2])
torch.Size([10, 512])
torch.Size([2, 512])
torch.Size([10, 2])
torch.Size([10, 512])
torch.Size([2, 512])
torch.Size([10, 2])
torch.Size([10, 512])
torch.Size([2, 512])
torch.Size([10, 2])
torch.Size([10, 512])
torch.Size([2, 512])
torch.Size([10, 2])
torch.Size([10, 512])
torch.Size([2, 512])
torch.Size([10, 2])
torch.Size([10, 512])
torch.Size([2, 512])
torch.Size([10, 2])
torch.Size([10, 512])
torch.Size([2, 512])
torch.Size([10, 2])
torch.Size([10, 512])
torch.Size([2, 512])
torch.Size([10, 2])
torch.Size([10, 512])
torch.Size([2, 512])
torch.Size([10, 2])
torch.Size([10, 512])
torch.Size([2, 512])
torch.Size([10, 2])
torch.Size([10, 512])
torch.Size([2, 512])
torch.Size([10, 2])
torch.Size([10, 512])
torch.Size([2, 512])
torch.Size([10, 2])
torch.Size([10, 512])
torch.Size([2, 512])
torch.Size([10, 2])
torch.Size([10, 512])
torch.Size([2, 512])
torch.Size([10, 2])
torch.Size([10, 512])
torch.Size([2, 512])
torch.Size([10, 2])
torch.Size([10, 512])
torch.Size([2, 512])
torch.Size([10, 2])
torch.Size([10, 512])
torch.Size([2, 512])
torch.Size([10, 2])
torch.Size([10, 512])
torch.Size([2, 512])
torch.Size([10, 2])
torch.Size([10, 512])
torch.Size([2, 512])
torch.Size([10, 2])
torch.Size([10, 512])
torch.Size([2, 512])
torch.Size([10, 2])
torch.Size([10, 512])
torch.Size([2, 512])
torch.Size([10, 2])
torch.Size([10, 512])
torch.Size([2, 512])
torch.Size([10, 2])
torch.Size([10, 512])
torch.Size([2, 512])
torch.Size([10, 2])
torch.Size([10, 512])
torch.Size([2, 512])
torch.Size([10, 2])
torch.Size([10, 512])
torch.Size([2, 512])
torch.Size([10, 2])
torch.Size([10, 512])
torch.Size([2, 512])
torch.Size([10, 2])
torch.Size([10, 512])
torch.Size([2, 512])
torch.Size([10, 2])
torch.Size([10, 512])
torch.Size([2, 512])
torch.Size([10, 2])
torch.Size([10, 512])
torch.Size([2, 512])
torch.Size([10, 2])
torch.Size([10, 512])
torch.Size([2, 512])
torch.Size([10, 2])
torch.Size([10, 512])
torch.Size([2, 512])
torch.Size([10, 2])
torch.Size([10, 512])
torch.Size([2, 512])
torch.Size([10, 2])
torch.Size([10, 512])
torch.Size([2, 512])
torch.Size([10, 2])
torch.Size([10, 512])
torch.Size([2, 512])
torch.Size([10, 2])
torch.Size([10, 512])
torch.Size([2, 512])
torch.Size([10, 2])
torch.Size([10, 512])
torch.Size([2, 512])
torch.Size([10, 2])
torch.Size([10, 512])
torch.Size([2, 512])
torch.Size([10, 2])
torch.Size([10, 512])
torch.Size([2, 512])
torch.Size([10, 2])
torch.Size([10, 512])
torch.Size([2, 512])
torch.Size([10, 2])
torch.Size([10, 512])
torch.Size([2, 512])
torch.Size([10, 2])
torch.Size([10, 512])
torch.Size([2, 512])
torch.Size([10, 2])
torch.Size([10, 512])
torch.Size([2, 512])
torch.Size([10, 2])
torch.Size([10, 512])
torch.Size([2, 512])
torch.Size([10, 2])
torch.Size([10, 512])
torch.Size([2, 512])
torch.Size([10, 2])
torch.Size([10, 512])
torch.Size([2, 512])
torch.Size([10, 2])
torch.Size([10, 512])
torch.Size([2, 512])
torch.Size([10, 2])
torch.Size([10, 512])
torch.Size([2, 512])
torch.Size([10, 2])
torch.Size([10, 512])
torch.Size([2, 512])
torch.Size([10, 2])
torch.Size([10, 512])
torch.Size([2, 512])
torch.Size([10, 2])
torch.Size([10, 512])
torch.Size([2, 512])
torch.Size([10, 2])
torch.Size([10, 512])
torch.Size([2, 512])
torch.Size([10, 2])
torch.Size([10, 512])
torch.Size([2, 512])
torch.Size([10, 2])
torch.Size([10, 512])
torch.Size([2, 512])
torch.Size([10, 2])
torch.Size([10, 512])
torch.Size([2, 512])
torch.Size([10, 2])
torch.Size([10, 512])
torch.Size([2, 512])
torch.Size([10, 2])
torch.Size([10, 512])
torch.Size([2, 512])
torch.Size([10, 2])
torch.Size([10, 512])
torch.Size([2, 512])
torch.Size([10, 2])
torch.Size([10, 512])
torch.Size([2, 512])
torch.Size([10, 2])
torch.Size([10, 512])
torch.Size([2, 512])
torch.Size([10, 2])
torch.Size([10, 512])
torch.Size([2, 512])
torch.Size([10, 2])
torch.Size([10, 512])
torch.Size([2, 512])
torch.Size([10, 2])
torch.Size([10, 512])
torch.Size([2, 512])
torch.Size([10, 2])
torch.Size([10, 512])
torch.Size([2, 512])
torch.Size([10, 2])
torch.Size([10, 512])
torch.Size([2, 512])
torch.Size([10, 2])
torch.Size([10, 512])
torch.Size([2, 512])
torch.Size([10, 2])
torch.Size([10, 512])
torch.Size([2, 512])
torch.Size([10, 2])
torch.Size([10, 512])
torch.Size([2, 512])
torch.Size([10, 2])
torch.Size([10, 512])
torch.Size([2, 512])
torch.Size([10, 2])
torch.Size([10, 512])
torch.Size([2, 512])
torch.Size([10, 2])
torch.Size([10, 512])
torch.Size([2, 512])
torch.Size([10, 2])
torch.Size([10, 512])
torch.Size([2, 512])
torch.Size([10, 2])
torch.Size([10, 512])
torch.Size([2, 512])
torch.Size([10, 2])
torch.Size([10, 512])
torch.Size([2, 512])
torch.Size([10, 2])
torch.Size([10, 512])
torch.Size([2, 512])
torch.Size([10, 2])
torch.Size([10, 512])
torch.Size([2, 512])
torch.Size([10, 2])
torch.Size([10, 512])
torch.Size([2, 512])
torch.Size([10, 2])
torch.Size([10, 512])
torch.Size([2, 512])
torch.Size([10, 2])
torch.Size([10, 512])
torch.Size([2, 512])
torch.Size([10, 2])
torch.Size([10, 512])
torch.Size([2, 512])
torch.Size([10, 2])
torch.Size([10, 512])
torch.Size([2, 512])
torch.Size([10, 2])
torch.Size([10, 512])
torch.Size([2, 512])
torch.Size([10, 2])
torch.Size([10, 512])
torch.Size([2, 512])
torch.Size([10, 2])
torch.Size([10, 512])
torch.Size([2, 512])
torch.Size([10, 2])
torch.Size([10, 512])
torch.Size([2, 512])
torch.Size([10, 2])
torch.Size([10, 512])
torch.Size([2, 512])
torch.Size([10, 2])
torch.Size([10, 512])
torch.Size([2, 512])
torch.Size([10, 2])
torch.Size([10, 512])
torch.Size([2, 512])
torch.Size([10, 2])
torch.Size([10, 512])
torch.Size([2, 512])
torch.Size([10, 2])
torch.Size([10, 512])
torch.Size([2, 512])
torch.Size([10, 2])
torch.Size([10, 512])
torch.Size([2, 512])
torch.Size([10, 2])
torch.Size([10, 512])
torch.Size([2, 512])
torch.Size([10, 2])
torch.Size([10, 512])
torch.Size([2, 512])
torch.Size([10, 2])
torch.Size([10, 512])
torch.Size([2, 512])
torch.Size([10, 2])
torch.Size([10, 512])
torch.Size([2, 512])
torch.Size([10, 2])
torch.Size([10, 512])
torch.Size([2, 512])
torch.Size([10, 2])
torch.Size([10, 512])
torch.Size([2, 512])
torch.Size([10, 2])
torch.Size([10, 512])
torch.Size([2, 512])
torch.Size([10, 2])
torch.Size([10, 512])
torch.Size([2, 512])
torch.Size([10, 2])
torch.Size([10, 512])
torch.Size([2, 512])
torch.Size([10, 2])
torch.Size([10, 512])
torch.Size([2, 512])
torch.Size([10, 2])
torch.Size([10, 512])
torch.Size([2, 512])
torch.Size([10, 2])
torch.Size([10, 512])
torch.Size([2, 512])
torch.Size([10, 2])
torch.Size([10, 512])
torch.Size([2, 512])
torch.Size([10, 2])
torch.Size([10, 512])
torch.Size([2, 512])
torch.Size([10, 2])
torch.Size([10, 512])
torch.Size([2, 512])
torch.Size([10, 2])
torch.Size([10, 512])
torch.Size([2, 512])
torch.Size([10, 2])
torch.Size([10, 512])
torch.Size([2, 512])
torch.Size([10, 2])
torch.Size([10, 512])
torch.Size([2, 512])
torch.Size([10, 2])
torch.Size([10, 512])
torch.Size([2, 512])
torch.Size([10, 2])
torch.Size([10, 512])
torch.Size([2, 512])
torch.Size([10, 2])
torch.Size([10, 512])
torch.Size([2, 512])
torch.Size([10, 2])
torch.Size([10, 512])
torch.Size([2, 512])
torch.Size([10, 2])
torch.Size([10, 512])
torch.Size([2, 512])
torch.Size([10, 2])
torch.Size([10, 512])
torch.Size([2, 512])
torch.Size([10, 2])
torch.Size([10, 512])
torch.Size([2, 512])
torch.Size([10, 2])
torch.Size([10, 512])
torch.Size([2, 512])
torch.Size([10, 2])
torch.Size([10, 512])
torch.Size([2, 512])
torch.Size([10, 2])
torch.Size([10, 512])
torch.Size([2, 512])
torch.Size([10, 2])
torch.Size([10, 512])
torch.Size([2, 512])
torch.Size([10, 2])
torch.Size([10, 512])
torch.Size([2, 512])
torch.Size([10, 2])
torch.Size([10, 512])
torch.Size([2, 512])
torch.Size([10, 2])
torch.Size([10, 512])
torch.Size([2, 512])
torch.Size([10, 2])
torch.Size([10, 512])
torch.Size([2, 512])
torch.Size([10, 2])
torch.Size([10, 512])
torch.Size([2, 512])
torch.Size([10, 2])
torch.Size([10, 512])
torch.Size([2, 512])
torch.Size([10, 2])
torch.Size([10, 512])
torch.Size([2, 512])
torch.Size([10, 2])
torch.Size([10, 512])
torch.Size([2, 512])
torch.Size([10, 2])
torch.Size([10, 512])
torch.Size([2, 512])
torch.Size([10, 2])
torch.Size([10, 512])
torch.Size([2, 512])
torch.Size([10, 2])
torch.Size([10, 512])
torch.Size([2, 512])
torch.Size([10, 2])
torch.Size([10, 512])
torch.Size([2, 512])
torch.Size([10, 2])
torch.Size([10, 512])
torch.Size([2, 512])
torch.Size([10, 2])
torch.Size([10, 512])
torch.Size([2, 512])
torch.Size([10, 2])
torch.Size([10, 512])
torch.Size([2, 512])
torch.Size([10, 2])
torch.Size([10, 512])
torch.Size([2, 512])
torch.Size([10, 2])
torch.Size([10, 512])
torch.Size([2, 512])
torch.Size([10, 2])
torch.Size([10, 512])
torch.Size([2, 512])
torch.Size([10, 2])
torch.Size([10, 512])
torch.Size([2, 512])
torch.Size([10, 2])
torch.Size([10, 512])
torch.Size([2, 512])
torch.Size([10, 2])
torch.Size([10, 512])
torch.Size([2, 512])
torch.Size([10, 2])
torch.Size([10, 512])
torch.Size([2, 512])
torch.Size([10, 2])
torch.Size([10, 512])
torch.Size([2, 512])
torch.Size([10, 2])
torch.Size([10, 512])
torch.Size([2, 512])
torch.Size([10, 2])
torch.Size([10, 512])
torch.Size([2, 512])
torch.Size([10, 2])
torch.Size([10, 512])
torch.Size([2, 512])
torch.Size([10, 2])
torch.Size([10, 512])
torch.Size([2, 512])
torch.Size([10, 2])
torch.Size([10, 512])
torch.Size([2, 512])
torch.Size([10, 2])
torch.Size([10, 512])
torch.Size([2, 512])
torch.Size([10, 2])
torch.Size([10, 512])
torch.Size([2, 512])
torch.Size([10, 2])
torch.Size([10, 512])
torch.Size([2, 512])
torch.Size([10, 2])
torch.Size([10, 512])
torch.Size([2, 512])
torch.Size([10, 2])
torch.Size([10, 512])
torch.Size([2, 512])
torch.Size([10, 2])
torch.Size([10, 512])
torch.Size([2, 512])
torch.Size([10, 2])
torch.Size([10, 512])
torch.Size([2, 512])
torch.Size([10, 2])
torch.Size([10, 512])
torch.Size([2, 512])
torch.Size([10, 2])
torch.Size([10, 512])
torch.Size([2, 512])
torch.Size([10, 2])
torch.Size([10, 512])
torch.Size([2, 512])
torch.Size([10, 2])
torch.Size([10, 512])
torch.Size([2, 512])
torch.Size([10, 2])
torch.Size([10, 512])
torch.Size([2, 512])
torch.Size([10, 2])
torch.Size([10, 512])
torch.Size([2, 512])
torch.Size([10, 2])
torch.Size([10, 512])
torch.Size([2, 512])
torch.Size([10, 2])
torch.Size([10, 512])
torch.Size([2, 512])
torch.Size([10, 2])
torch.Size([10, 512])
torch.Size([2, 512])
torch.Size([10, 2])
torch.Size([10, 512])
torch.Size([2, 512])
torch.Size([10, 2])
torch.Size([10, 512])
torch.Size([2, 512])
torch.Size([10, 2])
torch.Size([10, 512])
torch.Size([2, 512])
torch.Size([10, 2])
torch.Size([10, 512])
torch.Size([2, 512])
torch.Size([10, 2])
torch.Size([10, 512])
torch.Size([2, 512])
torch.Size([10, 2])
torch.Size([10, 512])
torch.Size([2, 512])
torch.Size([10, 2])
torch.Size([10, 512])
torch.Size([2, 512])
torch.Size([10, 2])
torch.Size([10, 512])
torch.Size([2, 512])
torch.Size([10, 2])
torch.Size([10, 512])
torch.Size([2, 512])
torch.Size([10, 2])
torch.Size([10, 512])
torch.Size([2, 512])
torch.Size([10, 2])
torch.Size([10, 512])
torch.Size([2, 512])
torch.Size([10, 2])
torch.Size([10, 512])
torch.Size([2, 512])
torch.Size([10, 2])
torch.Size([10, 512])
torch.Size([2, 512])
torch.Size([10, 2])
torch.Size([10, 512])
torch.Size([2, 512])
torch.Size([10, 2])
torch.Size([10, 512])
torch.Size([2, 512])
torch.Size([10, 2])
torch.Size([10, 512])
torch.Size([2, 512])
torch.Size([10, 2])
torch.Size([10, 512])
torch.Size([2, 512])
torch.Size([10, 2])
torch.Size([10, 512])
torch.Size([2, 512])
torch.Size([10, 2])
torch.Size([10, 512])
torch.Size([2, 512])
torch.Size([10, 2])
torch.Size([10, 512])
torch.Size([2, 512])
torch.Size([10, 2])
torch.Size([10, 512])
torch.Size([2, 512])
torch.Size([10, 2])
torch.Size([10, 512])
torch.Size([2, 512])
torch.Size([10, 2])
torch.Size([10, 512])
torch.Size([2, 512])
torch.Size([10, 2])
torch.Size([10, 512])
torch.Size([2, 512])
torch.Size([10, 2])
torch.Size([10, 512])
torch.Size([2, 512])
torch.Size([10, 2])
torch.Size([10, 512])
torch.Size([2, 512])
torch.Size([10, 2])
torch.Size([10, 512])
torch.Size([2, 512])
torch.Size([10, 2])
torch.Size([10, 512])
torch.Size([2, 512])
torch.Size([10, 2])
torch.Size([10, 512])
torch.Size([2, 512])
torch.Size([10, 2])
torch.Size([10, 512])
torch.Size([2, 512])
torch.Size([10, 2])
torch.Size([10, 512])
torch.Size([2, 512])
torch.Size([10, 2])
torch.Size([10, 512])
torch.Size([2, 512])
torch.Size([10, 2])
torch.Size([10, 512])
torch.Size([2, 512])
torch.Size([10, 2])
torch.Size([10, 512])
torch.Size([2, 512])
torch.Size([10, 2])
torch.Size([10, 512])
torch.Size([2, 512])
torch.Size([10, 2])
torch.Size([10, 512])
torch.Size([2, 512])
torch.Size([10, 2])
torch.Size([10, 512])
torch.Size([2, 512])
torch.Size([10, 2])
torch.Size([10, 512])
torch.Size([2, 512])
torch.Size([10, 2])
torch.Size([10, 512])
torch.Size([2, 512])
torch.Size([10, 2])
torch.Size([10, 512])
torch.Size([2, 512])
torch.Size([10, 2])
torch.Size([10, 512])
torch.Size([2, 512])
torch.Size([10, 2])
torch.Size([10, 512])
torch.Size([2, 512])
torch.Size([10, 2])
torch.Size([10, 512])
torch.Size([2, 512])
torch.Size([10, 2])
torch.Size([10, 512])
torch.Size([2, 512])
torch.Size([10, 2])
torch.Size([10, 512])
torch.Size([2, 512])
torch.Size([10, 2])
torch.Size([10, 512])
torch.Size([2, 512])
torch.Size([10, 2])
torch.Size([10, 512])
torch.Size([2, 512])
torch.Size([10, 2])
torch.Size([10, 512])
torch.Size([2, 512])
torch.Size([10, 2])
torch.Size([10, 512])
torch.Size([2, 512])
torch.Size([10, 2])
torch.Size([10, 512])
torch.Size([2, 512])
torch.Size([10, 2])
torch.Size([10, 512])
torch.Size([2, 512])
torch.Size([10, 2])
torch.Size([10, 512])
torch.Size([2, 512])
torch.Size([10, 2])
torch.Size([10, 512])
torch.Size([2, 512])
torch.Size([10, 2])
torch.Size([10, 512])
torch.Size([2, 512])
torch.Size([10, 2])
torch.Size([10, 512])
torch.Size([2, 512])
torch.Size([10, 2])
torch.Size([10, 512])
torch.Size([2, 512])
torch.Size([10, 2])
torch.Size([10, 512])
torch.Size([2, 512])
torch.Size([10, 2])
torch.Size([10, 512])
torch.Size([2, 512])
torch.Size([10, 2])
torch.Size([10, 512])
torch.Size([2, 512])
torch.Size([10, 2])
torch.Size([10, 512])
torch.Size([2, 512])
torch.Size([10, 2])
torch.Size([10, 512])
torch.Size([2, 512])
torch.Size([10, 2])
torch.Size([10, 512])
torch.Size([2, 512])
torch.Size([10, 2])
torch.Size([10, 512])
torch.Size([2, 512])
torch.Size([10, 2])
torch.Size([10, 512])
torch.Size([2, 512])
torch.Size([10, 2])
torch.Size([10, 512])
torch.Size([2, 512])
torch.Size([10, 2])
torch.Size([10, 512])
torch.Size([2, 512])
torch.Size([10, 2])
torch.Size([10, 512])
torch.Size([2, 512])
torch.Size([10, 2])
torch.Size([10, 512])
torch.Size([2, 512])
torch.Size([10, 2])
torch.Size([10, 512])
torch.Size([2, 512])
torch.Size([10, 2])
torch.Size([10, 512])
torch.Size([2, 512])
torch.Size([10, 2])
torch.Size([10, 512])
torch.Size([2, 512])
torch.Size([10, 2])
torch.Size([10, 512])
torch.Size([2, 512])
torch.Size([10, 2])
torch.Size([10, 512])
torch.Size([2, 512])
torch.Size([10, 2])
torch.Size([10, 512])
torch.Size([2, 512])
torch.Size([10, 2])
torch.Size([10, 512])
torch.Size([2, 512])
torch.Size([10, 2])
torch.Size([10, 512])
torch.Size([2, 512])
torch.Size([10, 2])
torch.Size([10, 512])
torch.Size([2, 512])
torch.Size([10, 2])
torch.Size([10, 512])
torch.Size([2, 512])
torch.Size([10, 2])
torch.Size([10, 512])
torch.Size([2, 512])
torch.Size([10, 2])
torch.Size([10, 512])
torch.Size([2, 512])
torch.Size([10, 2])
torch.Size([10, 512])
torch.Size([2, 512])
torch.Size([10, 2])
torch.Size([10, 512])
torch.Size([2, 512])
torch.Size([10, 2])
torch.Size([10, 512])
torch.Size([2, 512])
torch.Size([10, 2])
torch.Size([10, 512])
torch.Size([2, 512])
torch.Size([10, 2])
torch.Size([10, 512])
torch.Size([2, 512])
torch.Size([10, 2])
torch.Size([10, 512])
torch.Size([2, 512])
torch.Size([10, 2])
torch.Size([10, 512])
torch.Size([2, 512])
torch.Size([10, 2])
torch.Size([10, 512])
torch.Size([2, 512])
torch.Size([10, 2])
torch.Size([10, 512])
torch.Size([2, 512])
torch.Size([10, 2])
torch.Size([10, 512])
torch.Size([2, 512])
torch.Size([10, 2])
torch.Size([10, 512])
torch.Size([2, 512])
torch.Size([10, 2])
torch.Size([10, 512])
torch.Size([2, 512])
torch.Size([10, 2])
torch.Size([10, 512])
torch.Size([2, 512])
torch.Size([10, 2])
torch.Size([10, 512])
torch.Size([2, 512])
torch.Size([10, 2])
torch.Size([10, 512])
torch.Size([2, 512])
torch.Size([10, 2])
torch.Size([10, 512])
torch.Size([2, 512])
torch.Size([10, 2])
torch.Size([10, 512])
torch.Size([2, 512])
torch.Size([10, 2])
torch.Size([10, 512])
torch.Size([2, 512])
torch.Size([10, 2])
torch.Size([10, 512])
torch.Size([2, 512])
torch.Size([10, 2])
torch.Size([10, 512])
torch.Size([2, 512])
torch.Size([10, 2])
torch.Size([10, 512])
torch.Size([2, 512])
torch.Size([10, 2])
torch.Size([10, 512])
torch.Size([2, 512])
torch.Size([10, 2])
torch.Size([10, 512])
torch.Size([2, 512])
torch.Size([10, 2])
torch.Size([10, 512])
torch.Size([2, 512])
torch.Size([10, 2])
torch.Size([10, 512])
torch.Size([2, 512])
torch.Size([10, 2])
torch.Size([10, 512])
torch.Size([2, 512])
torch.Size([10, 2])
torch.Size([10, 512])
torch.Size([2, 512])
torch.Size([10, 2])
torch.Size([10, 512])
torch.Size([2, 512])
torch.Size([10, 2])
torch.Size([10, 512])
torch.Size([2, 512])
torch.Size([10, 2])
torch.Size([10, 512])
torch.Size([2, 512])
torch.Size([10, 2])
torch.Size([10, 512])
torch.Size([2, 512])
torch.Size([10, 2])
torch.Size([10, 512])
torch.Size([2, 512])
torch.Size([10, 2])
torch.Size([10, 512])
torch.Size([2, 512])
torch.Size([10, 2])
torch.Size([10, 512])
torch.Size([2, 512])
torch.Size([10, 2])
