==================================================
device = cuda
device_id = 0
prev = 0
times = 1
global_rounds = 150
eval_gap = 1
batch_size = 10
local_epochs = 1
log_dir = /data/yuxiangyang/lhm/FL/MyFLLib/logs/tensorboard/bigretina1
local_learning_rate = 3e-05
learning_rate_decay = True
learning_rate_decay_gamma = 0.99
auto_break = False
top_cnt = 100
goal = test
save_folder_name = items
model = CLIPWithAdapter
num_classes = 2
algorithm = FedAvg
dataset = Retinanpz
data_root = /data/yuxiangyang/lhm/FL/data
num_clients = 4
client_drop_rate = 0.0
random_join_ratio = False
join_ratio = 1.0
num_new_clients = 0
fine_tuning_epoch_new = 0
train_slow_rate = 0.0
send_slow_rate = 0.0
time_threthold = 10000
dlg_eval = False
dlg_gap = 100
batch_num_per_client = 2
==================================================

============= Running time: 0th =============
Creating server and clients ...
CLIP model ViT-L/14@336px loaded
preprocess: Compose(
    Resize(size=336, interpolation=bicubic, max_size=None, antialias=warn)
    CenterCrop(size=(336, 336))
    <function _convert_image_to_rgb at 0x7fc9eff6a160>
    ToTensor()
    Normalize(mean=(0.48145466, 0.4578275, 0.40821073), std=(0.26862954, 0.26130258, 0.27577711))
)
CLIPWithAdapter(
  (clip_model): CLIP(
    (visual): VisionTransformer(
      (conv1): Conv2d(3, 1024, kernel_size=(14, 14), stride=(14, 14), bias=False)
      (ln_pre): LayerNorm((1024,), eps=1e-05, elementwise_affine=True)
      (transformer): Transformer(
        (resblocks): Sequential(
          (0): ResidualAttentionBlock(
            (attn): MultiheadAttention(
              (out_proj): NonDynamicallyQuantizableLinear(in_features=1024, out_features=1024, bias=True)
            )
            (ln_1): LayerNorm((1024,), eps=1e-05, elementwise_affine=True)
            (mlp): Sequential(
              (c_fc): Linear(in_features=1024, out_features=4096, bias=True)
              (gelu): QuickGELU()
              (c_proj): Linear(in_features=4096, out_features=1024, bias=True)
            )
            (ln_2): LayerNorm((1024,), eps=1e-05, elementwise_affine=True)
          )
          (1): ResidualAttentionBlock(
            (attn): MultiheadAttention(
              (out_proj): NonDynamicallyQuantizableLinear(in_features=1024, out_features=1024, bias=True)
            )
            (ln_1): LayerNorm((1024,), eps=1e-05, elementwise_affine=True)
            (mlp): Sequential(
              (c_fc): Linear(in_features=1024, out_features=4096, bias=True)
              (gelu): QuickGELU()
              (c_proj): Linear(in_features=4096, out_features=1024, bias=True)
            )
            (ln_2): LayerNorm((1024,), eps=1e-05, elementwise_affine=True)
          )
          (2): ResidualAttentionBlock(
            (attn): MultiheadAttention(
              (out_proj): NonDynamicallyQuantizableLinear(in_features=1024, out_features=1024, bias=True)
            )
            (ln_1): LayerNorm((1024,), eps=1e-05, elementwise_affine=True)
            (mlp): Sequential(
              (c_fc): Linear(in_features=1024, out_features=4096, bias=True)
              (gelu): QuickGELU()
              (c_proj): Linear(in_features=4096, out_features=1024, bias=True)
            )
            (ln_2): LayerNorm((1024,), eps=1e-05, elementwise_affine=True)
          )
          (3): ResidualAttentionBlock(
            (attn): MultiheadAttention(
              (out_proj): NonDynamicallyQuantizableLinear(in_features=1024, out_features=1024, bias=True)
            )
            (ln_1): LayerNorm((1024,), eps=1e-05, elementwise_affine=True)
            (mlp): Sequential(
              (c_fc): Linear(in_features=1024, out_features=4096, bias=True)
              (gelu): QuickGELU()
              (c_proj): Linear(in_features=4096, out_features=1024, bias=True)
            )
            (ln_2): LayerNorm((1024,), eps=1e-05, elementwise_affine=True)
          )
          (4): ResidualAttentionBlock(
            (attn): MultiheadAttention(
              (out_proj): NonDynamicallyQuantizableLinear(in_features=1024, out_features=1024, bias=True)
            )
            (ln_1): LayerNorm((1024,), eps=1e-05, elementwise_affine=True)
            (mlp): Sequential(
              (c_fc): Linear(in_features=1024, out_features=4096, bias=True)
              (gelu): QuickGELU()
              (c_proj): Linear(in_features=4096, out_features=1024, bias=True)
            )
            (ln_2): LayerNorm((1024,), eps=1e-05, elementwise_affine=True)
          )
          (5): ResidualAttentionBlock(
            (attn): MultiheadAttention(
              (out_proj): NonDynamicallyQuantizableLinear(in_features=1024, out_features=1024, bias=True)
            )
            (ln_1): LayerNorm((1024,), eps=1e-05, elementwise_affine=True)
            (mlp): Sequential(
              (c_fc): Linear(in_features=1024, out_features=4096, bias=True)
              (gelu): QuickGELU()
              (c_proj): Linear(in_features=4096, out_features=1024, bias=True)
            )
            (ln_2): LayerNorm((1024,), eps=1e-05, elementwise_affine=True)
          )
          (6): ResidualAttentionBlock(
            (attn): MultiheadAttention(
              (out_proj): NonDynamicallyQuantizableLinear(in_features=1024, out_features=1024, bias=True)
            )
            (ln_1): LayerNorm((1024,), eps=1e-05, elementwise_affine=True)
            (mlp): Sequential(
              (c_fc): Linear(in_features=1024, out_features=4096, bias=True)
              (gelu): QuickGELU()
              (c_proj): Linear(in_features=4096, out_features=1024, bias=True)
            )
            (ln_2): LayerNorm((1024,), eps=1e-05, elementwise_affine=True)
          )
          (7): ResidualAttentionBlock(
            (attn): MultiheadAttention(
              (out_proj): NonDynamicallyQuantizableLinear(in_features=1024, out_features=1024, bias=True)
            )
            (ln_1): LayerNorm((1024,), eps=1e-05, elementwise_affine=True)
            (mlp): Sequential(
              (c_fc): Linear(in_features=1024, out_features=4096, bias=True)
              (gelu): QuickGELU()
              (c_proj): Linear(in_features=4096, out_features=1024, bias=True)
            )
            (ln_2): LayerNorm((1024,), eps=1e-05, elementwise_affine=True)
          )
          (8): ResidualAttentionBlock(
            (attn): MultiheadAttention(
              (out_proj): NonDynamicallyQuantizableLinear(in_features=1024, out_features=1024, bias=True)
            )
            (ln_1): LayerNorm((1024,), eps=1e-05, elementwise_affine=True)
            (mlp): Sequential(
              (c_fc): Linear(in_features=1024, out_features=4096, bias=True)
              (gelu): QuickGELU()
              (c_proj): Linear(in_features=4096, out_features=1024, bias=True)
            )
            (ln_2): LayerNorm((1024,), eps=1e-05, elementwise_affine=True)
          )
          (9): ResidualAttentionBlock(
            (attn): MultiheadAttention(
              (out_proj): NonDynamicallyQuantizableLinear(in_features=1024, out_features=1024, bias=True)
            )
            (ln_1): LayerNorm((1024,), eps=1e-05, elementwise_affine=True)
            (mlp): Sequential(
              (c_fc): Linear(in_features=1024, out_features=4096, bias=True)
              (gelu): QuickGELU()
              (c_proj): Linear(in_features=4096, out_features=1024, bias=True)
            )
            (ln_2): LayerNorm((1024,), eps=1e-05, elementwise_affine=True)
          )
          (10): ResidualAttentionBlock(
            (attn): MultiheadAttention(
              (out_proj): NonDynamicallyQuantizableLinear(in_features=1024, out_features=1024, bias=True)
            )
            (ln_1): LayerNorm((1024,), eps=1e-05, elementwise_affine=True)
            (mlp): Sequential(
              (c_fc): Linear(in_features=1024, out_features=4096, bias=True)
              (gelu): QuickGELU()
              (c_proj): Linear(in_features=4096, out_features=1024, bias=True)
            )
            (ln_2): LayerNorm((1024,), eps=1e-05, elementwise_affine=True)
          )
          (11): ResidualAttentionBlock(
            (attn): MultiheadAttention(
              (out_proj): NonDynamicallyQuantizableLinear(in_features=1024, out_features=1024, bias=True)
            )
            (ln_1): LayerNorm((1024,), eps=1e-05, elementwise_affine=True)
            (mlp): Sequential(
              (c_fc): Linear(in_features=1024, out_features=4096, bias=True)
              (gelu): QuickGELU()
              (c_proj): Linear(in_features=4096, out_features=1024, bias=True)
            )
            (ln_2): LayerNorm((1024,), eps=1e-05, elementwise_affine=True)
          )
          (12): ResidualAttentionBlock(
            (attn): MultiheadAttention(
              (out_proj): NonDynamicallyQuantizableLinear(in_features=1024, out_features=1024, bias=True)
            )
            (ln_1): LayerNorm((1024,), eps=1e-05, elementwise_affine=True)
            (mlp): Sequential(
              (c_fc): Linear(in_features=1024, out_features=4096, bias=True)
              (gelu): QuickGELU()
              (c_proj): Linear(in_features=4096, out_features=1024, bias=True)
            )
            (ln_2): LayerNorm((1024,), eps=1e-05, elementwise_affine=True)
          )
          (13): ResidualAttentionBlock(
            (attn): MultiheadAttention(
              (out_proj): NonDynamicallyQuantizableLinear(in_features=1024, out_features=1024, bias=True)
            )
            (ln_1): LayerNorm((1024,), eps=1e-05, elementwise_affine=True)
            (mlp): Sequential(
              (c_fc): Linear(in_features=1024, out_features=4096, bias=True)
              (gelu): QuickGELU()
              (c_proj): Linear(in_features=4096, out_features=1024, bias=True)
            )
            (ln_2): LayerNorm((1024,), eps=1e-05, elementwise_affine=True)
          )
          (14): ResidualAttentionBlock(
            (attn): MultiheadAttention(
              (out_proj): NonDynamicallyQuantizableLinear(in_features=1024, out_features=1024, bias=True)
            )
            (ln_1): LayerNorm((1024,), eps=1e-05, elementwise_affine=True)
            (mlp): Sequential(
              (c_fc): Linear(in_features=1024, out_features=4096, bias=True)
              (gelu): QuickGELU()
              (c_proj): Linear(in_features=4096, out_features=1024, bias=True)
            )
            (ln_2): LayerNorm((1024,), eps=1e-05, elementwise_affine=True)
          )
          (15): ResidualAttentionBlock(
            (attn): MultiheadAttention(
              (out_proj): NonDynamicallyQuantizableLinear(in_features=1024, out_features=1024, bias=True)
            )
            (ln_1): LayerNorm((1024,), eps=1e-05, elementwise_affine=True)
            (mlp): Sequential(
              (c_fc): Linear(in_features=1024, out_features=4096, bias=True)
              (gelu): QuickGELU()
              (c_proj): Linear(in_features=4096, out_features=1024, bias=True)
            )
            (ln_2): LayerNorm((1024,), eps=1e-05, elementwise_affine=True)
          )
          (16): ResidualAttentionBlock(
            (attn): MultiheadAttention(
              (out_proj): NonDynamicallyQuantizableLinear(in_features=1024, out_features=1024, bias=True)
            )
            (ln_1): LayerNorm((1024,), eps=1e-05, elementwise_affine=True)
            (mlp): Sequential(
              (c_fc): Linear(in_features=1024, out_features=4096, bias=True)
              (gelu): QuickGELU()
              (c_proj): Linear(in_features=4096, out_features=1024, bias=True)
            )
            (ln_2): LayerNorm((1024,), eps=1e-05, elementwise_affine=True)
          )
          (17): ResidualAttentionBlock(
            (attn): MultiheadAttention(
              (out_proj): NonDynamicallyQuantizableLinear(in_features=1024, out_features=1024, bias=True)
            )
            (ln_1): LayerNorm((1024,), eps=1e-05, elementwise_affine=True)
            (mlp): Sequential(
              (c_fc): Linear(in_features=1024, out_features=4096, bias=True)
              (gelu): QuickGELU()
              (c_proj): Linear(in_features=4096, out_features=1024, bias=True)
            )
            (ln_2): LayerNorm((1024,), eps=1e-05, elementwise_affine=True)
          )
          (18): ResidualAttentionBlock(
            (attn): MultiheadAttention(
              (out_proj): NonDynamicallyQuantizableLinear(in_features=1024, out_features=1024, bias=True)
            )
            (ln_1): LayerNorm((1024,), eps=1e-05, elementwise_affine=True)
            (mlp): Sequential(
              (c_fc): Linear(in_features=1024, out_features=4096, bias=True)
              (gelu): QuickGELU()
              (c_proj): Linear(in_features=4096, out_features=1024, bias=True)
            )
            (ln_2): LayerNorm((1024,), eps=1e-05, elementwise_affine=True)
          )
          (19): ResidualAttentionBlock(
            (attn): MultiheadAttention(
              (out_proj): NonDynamicallyQuantizableLinear(in_features=1024, out_features=1024, bias=True)
            )
            (ln_1): LayerNorm((1024,), eps=1e-05, elementwise_affine=True)
            (mlp): Sequential(
              (c_fc): Linear(in_features=1024, out_features=4096, bias=True)
              (gelu): QuickGELU()
              (c_proj): Linear(in_features=4096, out_features=1024, bias=True)
            )
            (ln_2): LayerNorm((1024,), eps=1e-05, elementwise_affine=True)
          )
          (20): ResidualAttentionBlock(
            (attn): MultiheadAttention(
              (out_proj): NonDynamicallyQuantizableLinear(in_features=1024, out_features=1024, bias=True)
            )
            (ln_1): LayerNorm((1024,), eps=1e-05, elementwise_affine=True)
            (mlp): Sequential(
              (c_fc): Linear(in_features=1024, out_features=4096, bias=True)
              (gelu): QuickGELU()
              (c_proj): Linear(in_features=4096, out_features=1024, bias=True)
            )
            (ln_2): LayerNorm((1024,), eps=1e-05, elementwise_affine=True)
          )
          (21): ResidualAttentionBlock(
            (attn): MultiheadAttention(
              (out_proj): NonDynamicallyQuantizableLinear(in_features=1024, out_features=1024, bias=True)
            )
            (ln_1): LayerNorm((1024,), eps=1e-05, elementwise_affine=True)
            (mlp): Sequential(
              (c_fc): Linear(in_features=1024, out_features=4096, bias=True)
              (gelu): QuickGELU()
              (c_proj): Linear(in_features=4096, out_features=1024, bias=True)
            )
            (ln_2): LayerNorm((1024,), eps=1e-05, elementwise_affine=True)
          )
          (22): ResidualAttentionBlock(
            (attn): MultiheadAttention(
              (out_proj): NonDynamicallyQuantizableLinear(in_features=1024, out_features=1024, bias=True)
            )
            (ln_1): LayerNorm((1024,), eps=1e-05, elementwise_affine=True)
            (mlp): Sequential(
              (c_fc): Linear(in_features=1024, out_features=4096, bias=True)
              (gelu): QuickGELU()
              (c_proj): Linear(in_features=4096, out_features=1024, bias=True)
            )
            (ln_2): LayerNorm((1024,), eps=1e-05, elementwise_affine=True)
          )
          (23): ResidualAttentionBlock(
            (attn): MultiheadAttention(
              (out_proj): NonDynamicallyQuantizableLinear(in_features=1024, out_features=1024, bias=True)
            )
            (ln_1): LayerNorm((1024,), eps=1e-05, elementwise_affine=True)
            (mlp): Sequential(
              (c_fc): Linear(in_features=1024, out_features=4096, bias=True)
              (gelu): QuickGELU()
              (c_proj): Linear(in_features=4096, out_features=1024, bias=True)
            )
            (ln_2): LayerNorm((1024,), eps=1e-05, elementwise_affine=True)
          )
        )
      )
      (ln_post): LayerNorm((1024,), eps=1e-05, elementwise_affine=True)
    )
    (transformer): Transformer(
      (resblocks): Sequential(
        (0): ResidualAttentionBlock(
          (attn): MultiheadAttention(
            (out_proj): NonDynamicallyQuantizableLinear(in_features=768, out_features=768, bias=True)
          )
          (ln_1): LayerNorm((768,), eps=1e-05, elementwise_affine=True)
          (mlp): Sequential(
            (c_fc): Linear(in_features=768, out_features=3072, bias=True)
            (gelu): QuickGELU()
            (c_proj): Linear(in_features=3072, out_features=768, bias=True)
          )
          (ln_2): LayerNorm((768,), eps=1e-05, elementwise_affine=True)
        )
        (1): ResidualAttentionBlock(
          (attn): MultiheadAttention(
            (out_proj): NonDynamicallyQuantizableLinear(in_features=768, out_features=768, bias=True)
          )
          (ln_1): LayerNorm((768,), eps=1e-05, elementwise_affine=True)
          (mlp): Sequential(
            (c_fc): Linear(in_features=768, out_features=3072, bias=True)
            (gelu): QuickGELU()
            (c_proj): Linear(in_features=3072, out_features=768, bias=True)
          )
          (ln_2): LayerNorm((768,), eps=1e-05, elementwise_affine=True)
        )
        (2): ResidualAttentionBlock(
          (attn): MultiheadAttention(
            (out_proj): NonDynamicallyQuantizableLinear(in_features=768, out_features=768, bias=True)
          )
          (ln_1): LayerNorm((768,), eps=1e-05, elementwise_affine=True)
          (mlp): Sequential(
            (c_fc): Linear(in_features=768, out_features=3072, bias=True)
            (gelu): QuickGELU()
            (c_proj): Linear(in_features=3072, out_features=768, bias=True)
          )
          (ln_2): LayerNorm((768,), eps=1e-05, elementwise_affine=True)
        )
        (3): ResidualAttentionBlock(
          (attn): MultiheadAttention(
            (out_proj): NonDynamicallyQuantizableLinear(in_features=768, out_features=768, bias=True)
          )
          (ln_1): LayerNorm((768,), eps=1e-05, elementwise_affine=True)
          (mlp): Sequential(
            (c_fc): Linear(in_features=768, out_features=3072, bias=True)
            (gelu): QuickGELU()
            (c_proj): Linear(in_features=3072, out_features=768, bias=True)
          )
          (ln_2): LayerNorm((768,), eps=1e-05, elementwise_affine=True)
        )
        (4): ResidualAttentionBlock(
          (attn): MultiheadAttention(
            (out_proj): NonDynamicallyQuantizableLinear(in_features=768, out_features=768, bias=True)
          )
          (ln_1): LayerNorm((768,), eps=1e-05, elementwise_affine=True)
          (mlp): Sequential(
            (c_fc): Linear(in_features=768, out_features=3072, bias=True)
            (gelu): QuickGELU()
            (c_proj): Linear(in_features=3072, out_features=768, bias=True)
          )
          (ln_2): LayerNorm((768,), eps=1e-05, elementwise_affine=True)
        )
        (5): ResidualAttentionBlock(
          (attn): MultiheadAttention(
            (out_proj): NonDynamicallyQuantizableLinear(in_features=768, out_features=768, bias=True)
          )
          (ln_1): LayerNorm((768,), eps=1e-05, elementwise_affine=True)
          (mlp): Sequential(
            (c_fc): Linear(in_features=768, out_features=3072, bias=True)
            (gelu): QuickGELU()
            (c_proj): Linear(in_features=3072, out_features=768, bias=True)
          )
          (ln_2): LayerNorm((768,), eps=1e-05, elementwise_affine=True)
        )
        (6): ResidualAttentionBlock(
          (attn): MultiheadAttention(
            (out_proj): NonDynamicallyQuantizableLinear(in_features=768, out_features=768, bias=True)
          )
          (ln_1): LayerNorm((768,), eps=1e-05, elementwise_affine=True)
          (mlp): Sequential(
            (c_fc): Linear(in_features=768, out_features=3072, bias=True)
            (gelu): QuickGELU()
            (c_proj): Linear(in_features=3072, out_features=768, bias=True)
          )
          (ln_2): LayerNorm((768,), eps=1e-05, elementwise_affine=True)
        )
        (7): ResidualAttentionBlock(
          (attn): MultiheadAttention(
            (out_proj): NonDynamicallyQuantizableLinear(in_features=768, out_features=768, bias=True)
          )
          (ln_1): LayerNorm((768,), eps=1e-05, elementwise_affine=True)
          (mlp): Sequential(
            (c_fc): Linear(in_features=768, out_features=3072, bias=True)
            (gelu): QuickGELU()
            (c_proj): Linear(in_features=3072, out_features=768, bias=True)
          )
          (ln_2): LayerNorm((768,), eps=1e-05, elementwise_affine=True)
        )
        (8): ResidualAttentionBlock(
          (attn): MultiheadAttention(
            (out_proj): NonDynamicallyQuantizableLinear(in_features=768, out_features=768, bias=True)
          )
          (ln_1): LayerNorm((768,), eps=1e-05, elementwise_affine=True)
          (mlp): Sequential(
            (c_fc): Linear(in_features=768, out_features=3072, bias=True)
            (gelu): QuickGELU()
            (c_proj): Linear(in_features=3072, out_features=768, bias=True)
          )
          (ln_2): LayerNorm((768,), eps=1e-05, elementwise_affine=True)
        )
        (9): ResidualAttentionBlock(
          (attn): MultiheadAttention(
            (out_proj): NonDynamicallyQuantizableLinear(in_features=768, out_features=768, bias=True)
          )
          (ln_1): LayerNorm((768,), eps=1e-05, elementwise_affine=True)
          (mlp): Sequential(
            (c_fc): Linear(in_features=768, out_features=3072, bias=True)
            (gelu): QuickGELU()
            (c_proj): Linear(in_features=3072, out_features=768, bias=True)
          )
          (ln_2): LayerNorm((768,), eps=1e-05, elementwise_affine=True)
        )
        (10): ResidualAttentionBlock(
          (attn): MultiheadAttention(
            (out_proj): NonDynamicallyQuantizableLinear(in_features=768, out_features=768, bias=True)
          )
          (ln_1): LayerNorm((768,), eps=1e-05, elementwise_affine=True)
          (mlp): Sequential(
            (c_fc): Linear(in_features=768, out_features=3072, bias=True)
            (gelu): QuickGELU()
            (c_proj): Linear(in_features=3072, out_features=768, bias=True)
          )
          (ln_2): LayerNorm((768,), eps=1e-05, elementwise_affine=True)
        )
        (11): ResidualAttentionBlock(
          (attn): MultiheadAttention(
            (out_proj): NonDynamicallyQuantizableLinear(in_features=768, out_features=768, bias=True)
          )
          (ln_1): LayerNorm((768,), eps=1e-05, elementwise_affine=True)
          (mlp): Sequential(
            (c_fc): Linear(in_features=768, out_features=3072, bias=True)
            (gelu): QuickGELU()
            (c_proj): Linear(in_features=3072, out_features=768, bias=True)
          )
          (ln_2): LayerNorm((768,), eps=1e-05, elementwise_affine=True)
        )
      )
    )
    (token_embedding): Embedding(49408, 768)
    (ln_final): LayerNorm((768,), eps=1e-05, elementwise_affine=True)
  )
  (image_adapter1): ImageAdapter(
    (attention): MultiheadAttention(
      (out_proj): NonDynamicallyQuantizableLinear(in_features=1024, out_features=1024, bias=True)
    )
    (mlp): Sequential(
      (0): Linear(in_features=1024, out_features=256, bias=True)
      (1): GELU(approximate='none')
      (2): Linear(in_features=256, out_features=1024, bias=True)
    )
    (norm1): LayerNorm((1024,), eps=1e-05, elementwise_affine=True)
    (norm2): LayerNorm((1024,), eps=1e-05, elementwise_affine=True)
  )
  (image_adapter2): ImageAdapter(
    (attention): MultiheadAttention(
      (out_proj): NonDynamicallyQuantizableLinear(in_features=1024, out_features=1024, bias=True)
    )
    (mlp): Sequential(
      (0): Linear(in_features=1024, out_features=256, bias=True)
      (1): GELU(approximate='none')
      (2): Linear(in_features=256, out_features=1024, bias=True)
    )
    (norm1): LayerNorm((1024,), eps=1e-05, elementwise_affine=True)
    (norm2): LayerNorm((1024,), eps=1e-05, elementwise_affine=True)
  )
  (text_adapter): TextAdapter(
    (model): Sequential(
      (0): Linear(in_features=768, out_features=192, bias=True)
      (1): ReLU()
      (2): Linear(in_features=192, out_features=768, bias=True)
    )
    (norm): LayerNorm((768,), eps=1e-05, elementwise_affine=True)
  )
)

Join ratio / total clients: 1.0 / 4
Finished creating server and clients.

-------------Round number: 0-------------

Evaluate global model
Client 0 test data size: 80
Client 1 test data size: 1375
Client 2 test data size: 115
Client 3 test data size: 669
Averaged Train Loss: 1.1941
Averaged Test Accurancy: 0.1903
Averaged Test AUC: 0.2508
Std Test Accurancy: 0.0506
Std Test AUC: 0.0628
------------------------- time cost ------------------------- 531.0537369251251

-------------Round number: 1-------------

Evaluate global model
Client 0 test data size: 80
Client 1 test data size: 1375
Client 2 test data size: 115
Client 3 test data size: 669
Averaged Train Loss: 0.3650
Averaged Test Accurancy: 0.8991
Averaged Test AUC: 0.8979
Std Test Accurancy: 0.0762
Std Test AUC: 0.0834
------------------------- time cost ------------------------- 516.9788153171539

-------------Round number: 2-------------

Evaluate global model
Client 0 test data size: 80
Client 1 test data size: 1375
Client 2 test data size: 115
Client 3 test data size: 669
Averaged Train Loss: 0.4992
Averaged Test Accurancy: 0.8941
Averaged Test AUC: 0.6392
Std Test Accurancy: 0.0744
Std Test AUC: 0.0296
------------------------- time cost ------------------------- 507.2831287384033

-------------Round number: 3-------------

Evaluate global model
Client 0 test data size: 80
Client 1 test data size: 1375
Client 2 test data size: 115
Client 3 test data size: 669
Averaged Train Loss: 0.3547
Averaged Test Accurancy: 0.8991
Averaged Test AUC: 0.8889
Std Test Accurancy: 0.0762
Std Test AUC: 0.0810
------------------------- time cost ------------------------- 499.7487826347351

-------------Round number: 4-------------

Evaluate global model
Client 0 test data size: 80
Client 1 test data size: 1375
Client 2 test data size: 115
Client 3 test data size: 669
Averaged Train Loss: 0.3437
Averaged Test Accurancy: 0.8991
Averaged Test AUC: 0.8893
Std Test Accurancy: 0.0762
Std Test AUC: 0.0785
------------------------- time cost ------------------------- 497.7745187282562

-------------Round number: 5-------------

Evaluate global model
Client 0 test data size: 80
Client 1 test data size: 1375
Client 2 test data size: 115
Client 3 test data size: 669
Averaged Train Loss: 0.3497
Averaged Test Accurancy: 0.8991
Averaged Test AUC: 0.8906
Std Test Accurancy: 0.0762
Std Test AUC: 0.0931
------------------------- time cost ------------------------- 497.9210729598999

-------------Round number: 6-------------

Evaluate global model
Client 0 test data size: 80
Client 1 test data size: 1375
Client 2 test data size: 115
Client 3 test data size: 669
Averaged Train Loss: 0.3363
Averaged Test Accurancy: 0.8991
Averaged Test AUC: 0.8744
Std Test Accurancy: 0.0762
Std Test AUC: 0.0780
------------------------- time cost ------------------------- 513.673052072525

-------------Round number: 7-------------

Evaluate global model
Client 0 test data size: 80
Client 1 test data size: 1375
Client 2 test data size: 115
Client 3 test data size: 669
Averaged Train Loss: 0.3924
Averaged Test Accurancy: 0.8991
Averaged Test AUC: 0.8839
Std Test Accurancy: 0.0762
Std Test AUC: 0.0871
------------------------- time cost ------------------------- 499.5817496776581

-------------Round number: 8-------------

Evaluate global model
Client 0 test data size: 80
Client 1 test data size: 1375
Client 2 test data size: 115
Client 3 test data size: 669
Averaged Train Loss: 0.3566
Averaged Test Accurancy: 0.8991
Averaged Test AUC: 0.8973
Std Test Accurancy: 0.0762
Std Test AUC: 0.0674
------------------------- time cost ------------------------- 493.3440375328064

-------------Round number: 9-------------

Evaluate global model
Client 0 test data size: 80
Client 1 test data size: 1375
Client 2 test data size: 115
Client 3 test data size: 669
Averaged Train Loss: 0.3363
Averaged Test Accurancy: 0.8991
Averaged Test AUC: 0.9001
Std Test Accurancy: 0.0762
Std Test AUC: 0.0661
------------------------- time cost ------------------------- 491.85838651657104

-------------Round number: 10-------------

Evaluate global model
Client 0 test data size: 80
Client 1 test data size: 1375
Client 2 test data size: 115
Client 3 test data size: 669
Averaged Train Loss: 0.4206
Averaged Test Accurancy: 0.8991
Averaged Test AUC: 0.8960
Std Test Accurancy: 0.0762
Std Test AUC: 0.0763
------------------------- time cost ------------------------- 498.27814960479736

-------------Round number: 11-------------

Evaluate global model
Client 0 test data size: 80
Client 1 test data size: 1375
Client 2 test data size: 115
Client 3 test data size: 669
Averaged Train Loss: 0.3328
Averaged Test Accurancy: 0.8991
Averaged Test AUC: 0.8939
Std Test Accurancy: 0.0762
Std Test AUC: 0.0796
------------------------- time cost ------------------------- 497.85034132003784

-------------Round number: 12-------------

Evaluate global model
Client 0 test data size: 80
Client 1 test data size: 1375
Client 2 test data size: 115
Client 3 test data size: 669
Averaged Train Loss: 0.5949
Averaged Test Accurancy: 0.7910
Averaged Test AUC: 0.6552
Std Test Accurancy: 0.1285
Std Test AUC: 0.0812
------------------------- time cost ------------------------- 500.0446379184723

-------------Round number: 13-------------

Evaluate global model
Client 0 test data size: 80
Client 1 test data size: 1375
Client 2 test data size: 115
Client 3 test data size: 669
Averaged Train Loss: 0.3343
Averaged Test Accurancy: 0.8991
Averaged Test AUC: 0.9013
Std Test Accurancy: 0.0762
Std Test AUC: 0.0698
------------------------- time cost ------------------------- 495.8199346065521

-------------Round number: 14-------------

Evaluate global model
Client 0 test data size: 80
Client 1 test data size: 1375
Client 2 test data size: 115
Client 3 test data size: 669
Averaged Train Loss: 0.3337
Averaged Test Accurancy: 0.8991
Averaged Test AUC: 0.8775
Std Test Accurancy: 0.0762
Std Test AUC: 0.0783
------------------------- time cost ------------------------- 493.94364833831787

-------------Round number: 15-------------

Evaluate global model
Client 0 test data size: 80
Client 1 test data size: 1375
Client 2 test data size: 115
Client 3 test data size: 669
Averaged Train Loss: 0.3515
Averaged Test Accurancy: 0.8991
Averaged Test AUC: 0.8949
Std Test Accurancy: 0.0762
Std Test AUC: 0.0699
------------------------- time cost ------------------------- 517.7679109573364

-------------Round number: 16-------------

Evaluate global model
Client 0 test data size: 80
Client 1 test data size: 1375
Client 2 test data size: 115
Client 3 test data size: 669
Averaged Train Loss: 0.4134
Averaged Test Accurancy: 0.8991
Averaged Test AUC: 0.8181
Std Test Accurancy: 0.0762
Std Test AUC: 0.0716
------------------------- time cost ------------------------- 499.49338269233704

-------------Round number: 17-------------

Evaluate global model
Client 0 test data size: 80
Client 1 test data size: 1375
Client 2 test data size: 115
Client 3 test data size: 669
Averaged Train Loss: 0.3282
Averaged Test Accurancy: 0.8991
Averaged Test AUC: 0.9001
Std Test Accurancy: 0.0762
Std Test AUC: 0.0734
------------------------- time cost ------------------------- 497.95818853378296

-------------Round number: 18-------------

Evaluate global model
Client 0 test data size: 80
Client 1 test data size: 1375
Client 2 test data size: 115
Client 3 test data size: 669
Averaged Train Loss: 0.3259
Averaged Test Accurancy: 0.8991
Averaged Test AUC: 0.8968
Std Test Accurancy: 0.0762
Std Test AUC: 0.0662
------------------------- time cost ------------------------- 495.05552649497986

-------------Round number: 19-------------

Evaluate global model
Client 0 test data size: 80
Client 1 test data size: 1375
Client 2 test data size: 115
Client 3 test data size: 669
Averaged Train Loss: 0.3359
Averaged Test Accurancy: 0.8991
Averaged Test AUC: 0.8918
Std Test Accurancy: 0.0762
Std Test AUC: 0.0946
------------------------- time cost ------------------------- 492.486035823822

-------------Round number: 20-------------

Evaluate global model
Client 0 test data size: 80
Client 1 test data size: 1375
Client 2 test data size: 115
Client 3 test data size: 669
Averaged Train Loss: 0.3681
Averaged Test Accurancy: 0.8991
Averaged Test AUC: 0.8994
Std Test Accurancy: 0.0762
Std Test AUC: 0.0807
------------------------- time cost ------------------------- 505.34260416030884

-------------Round number: 21-------------

Evaluate global model
Client 0 test data size: 80
Client 1 test data size: 1375
Client 2 test data size: 115
Client 3 test data size: 669
Averaged Train Loss: 0.3342
Averaged Test Accurancy: 0.8991
Averaged Test AUC: 0.8968
Std Test Accurancy: 0.0762
Std Test AUC: 0.0807
------------------------- time cost ------------------------- 494.7317032814026

-------------Round number: 22-------------

Evaluate global model
Client 0 test data size: 80
Client 1 test data size: 1375
Client 2 test data size: 115
Client 3 test data size: 669
Averaged Train Loss: 0.3229
Averaged Test Accurancy: 0.8991
Averaged Test AUC: 0.9074
Std Test Accurancy: 0.0762
Std Test AUC: 0.0484
------------------------- time cost ------------------------- 498.6372084617615

-------------Round number: 23-------------

Evaluate global model
Client 0 test data size: 80
Client 1 test data size: 1375
Client 2 test data size: 115
Client 3 test data size: 669
Averaged Train Loss: 0.3287
Averaged Test Accurancy: 0.8991
Averaged Test AUC: 0.9016
Std Test Accurancy: 0.0762
Std Test AUC: 0.0607
------------------------- time cost ------------------------- 495.55186796188354

-------------Round number: 24-------------

Evaluate global model
Client 0 test data size: 80
Client 1 test data size: 1375
Client 2 test data size: 115
Client 3 test data size: 669
Averaged Train Loss: 0.3319
Averaged Test Accurancy: 0.8995
Averaged Test AUC: 0.9017
Std Test Accurancy: 0.0739
Std Test AUC: 0.0623
------------------------- time cost ------------------------- 523.021265745163

-------------Round number: 25-------------

Evaluate global model
Client 0 test data size: 80
Client 1 test data size: 1375
Client 2 test data size: 115
Client 3 test data size: 669
Averaged Train Loss: 0.3302
Averaged Test Accurancy: 0.8991
Averaged Test AUC: 0.8806
Std Test Accurancy: 0.0762
Std Test AUC: 0.0687
------------------------- time cost ------------------------- 502.8914279937744

-------------Round number: 26-------------

Evaluate global model
Client 0 test data size: 80
Client 1 test data size: 1375
Client 2 test data size: 115
Client 3 test data size: 669
Averaged Train Loss: 0.4665
Averaged Test Accurancy: 0.8991
Averaged Test AUC: 0.8955
Std Test Accurancy: 0.0762
Std Test AUC: 0.0789
------------------------- time cost ------------------------- 508.34826016426086

-------------Round number: 27-------------

Evaluate global model
Client 0 test data size: 80
Client 1 test data size: 1375
Client 2 test data size: 115
Client 3 test data size: 669
Averaged Train Loss: 0.3565
Averaged Test Accurancy: 0.8991
Averaged Test AUC: 0.9001
Std Test Accurancy: 0.0762
Std Test AUC: 0.0717
------------------------- time cost ------------------------- 499.09869861602783

-------------Round number: 28-------------

Evaluate global model
Client 0 test data size: 80
Client 1 test data size: 1375
Client 2 test data size: 115
Client 3 test data size: 669
Averaged Train Loss: 0.3392
Averaged Test Accurancy: 0.8991
Averaged Test AUC: 0.8941
Std Test Accurancy: 0.0762
Std Test AUC: 0.0846
------------------------- time cost ------------------------- 500.9230191707611

-------------Round number: 29-------------

Evaluate global model
Client 0 test data size: 80
Client 1 test data size: 1375
Client 2 test data size: 115
Client 3 test data size: 669
Averaged Train Loss: 0.3272
Averaged Test Accurancy: 0.8991
Averaged Test AUC: 0.9031
Std Test Accurancy: 0.0762
Std Test AUC: 0.0745
------------------------- time cost ------------------------- 519.8817105293274

-------------Round number: 30-------------

Evaluate global model
Client 0 test data size: 80
Client 1 test data size: 1375
Client 2 test data size: 115
Client 3 test data size: 669
Averaged Train Loss: 0.3839
Averaged Test Accurancy: 0.8986
Averaged Test AUC: 0.8842
Std Test Accurancy: 0.0758
Std Test AUC: 0.0712
------------------------- time cost ------------------------- 501.41971373558044

-------------Round number: 31-------------

Evaluate global model
Client 0 test data size: 80
Client 1 test data size: 1375
Client 2 test data size: 115
Client 3 test data size: 669
Averaged Train Loss: 0.3312
Averaged Test Accurancy: 0.8991
Averaged Test AUC: 0.8987
Std Test Accurancy: 0.0762
Std Test AUC: 0.0784
------------------------- time cost ------------------------- 494.39418840408325

-------------Round number: 32-------------

Evaluate global model
Client 0 test data size: 80
Client 1 test data size: 1375
Client 2 test data size: 115
Client 3 test data size: 669
Averaged Train Loss: 0.3316
Averaged Test Accurancy: 0.8991
Averaged Test AUC: 0.8900
Std Test Accurancy: 0.0762
Std Test AUC: 0.0830
------------------------- time cost ------------------------- 498.07394456863403

-------------Round number: 33-------------

Evaluate global model
Client 0 test data size: 80
Client 1 test data size: 1375
Client 2 test data size: 115
Client 3 test data size: 669
Averaged Train Loss: 0.3299
Averaged Test Accurancy: 0.8991
Averaged Test AUC: 0.8884
Std Test Accurancy: 0.0762
Std Test AUC: 0.0885
------------------------- time cost ------------------------- 500.5052225589752

-------------Round number: 34-------------

Evaluate global model
Client 0 test data size: 80
Client 1 test data size: 1375
Client 2 test data size: 115
Client 3 test data size: 669
Averaged Train Loss: 0.3303
Averaged Test Accurancy: 0.8991
Averaged Test AUC: 0.8881
Std Test Accurancy: 0.0762
Std Test AUC: 0.0876
------------------------- time cost ------------------------- 506.138968706131

-------------Round number: 35-------------

Evaluate global model
Client 0 test data size: 80
Client 1 test data size: 1375
Client 2 test data size: 115
Client 3 test data size: 669
Averaged Train Loss: 0.3309
Averaged Test Accurancy: 0.8991
Averaged Test AUC: 0.8883
Std Test Accurancy: 0.0762
Std Test AUC: 0.0869
------------------------- time cost ------------------------- 499.58915615081787

-------------Round number: 36-------------

Evaluate global model
Client 0 test data size: 80
Client 1 test data size: 1375
Client 2 test data size: 115
Client 3 test data size: 669
Averaged Train Loss: 0.3311
Averaged Test Accurancy: 0.8991
Averaged Test AUC: 0.8887
Std Test Accurancy: 0.0762
Std Test AUC: 0.0841
------------------------- time cost ------------------------- 495.3981091976166

-------------Round number: 37-------------

Evaluate global model
Client 0 test data size: 80
Client 1 test data size: 1375
Client 2 test data size: 115
Client 3 test data size: 669
Averaged Train Loss: 0.3316
Averaged Test Accurancy: 0.8991
Averaged Test AUC: 0.8891
Std Test Accurancy: 0.0762
Std Test AUC: 0.0815
------------------------- time cost ------------------------- 493.5164496898651

-------------Round number: 38-------------

Evaluate global model
Client 0 test data size: 80
Client 1 test data size: 1375
Client 2 test data size: 115
Client 3 test data size: 669
Averaged Train Loss: 0.3312
Averaged Test Accurancy: 0.8991
Averaged Test AUC: 0.8912
Std Test Accurancy: 0.0762
Std Test AUC: 0.0762
------------------------- time cost ------------------------- 520.5167503356934

-------------Round number: 39-------------

Evaluate global model
Client 0 test data size: 80
Client 1 test data size: 1375
Client 2 test data size: 115
Client 3 test data size: 669
Averaged Train Loss: 0.3310
Averaged Test Accurancy: 0.8991
Averaged Test AUC: 0.8926
Std Test Accurancy: 0.0762
Std Test AUC: 0.0728
------------------------- time cost ------------------------- 505.1529314517975

-------------Round number: 40-------------

Evaluate global model
Client 0 test data size: 80
Client 1 test data size: 1375
Client 2 test data size: 115
Client 3 test data size: 669
Averaged Train Loss: 0.3320
Averaged Test Accurancy: 0.8991
Averaged Test AUC: 0.8941
Std Test Accurancy: 0.0762
Std Test AUC: 0.0714
------------------------- time cost ------------------------- 610.5481231212616

-------------Round number: 41-------------

Evaluate global model
Client 0 test data size: 80
Client 1 test data size: 1375
Client 2 test data size: 115
Client 3 test data size: 669
Averaged Train Loss: 0.3328
Averaged Test Accurancy: 0.8991
Averaged Test AUC: 0.8959
Std Test Accurancy: 0.0762
Std Test AUC: 0.0704
------------------------- time cost ------------------------- 497.3777918815613

-------------Round number: 42-------------

Evaluate global model
Client 0 test data size: 80
Client 1 test data size: 1375
Client 2 test data size: 115
Client 3 test data size: 669
Averaged Train Loss: 0.3296
Averaged Test Accurancy: 0.8991
Averaged Test AUC: 0.8990
Std Test Accurancy: 0.0762
Std Test AUC: 0.0727
------------------------- time cost ------------------------- 517.1563954353333

-------------Round number: 43-------------

Evaluate global model
Client 0 test data size: 80
Client 1 test data size: 1375
Client 2 test data size: 115
Client 3 test data size: 669
Averaged Train Loss: 0.3296
Averaged Test Accurancy: 0.8991
Averaged Test AUC: 0.8993
Std Test Accurancy: 0.0762
Std Test AUC: 0.0739
------------------------- time cost ------------------------- 507.24844217300415

-------------Round number: 44-------------

Evaluate global model
Client 0 test data size: 80
Client 1 test data size: 1375
Client 2 test data size: 115
Client 3 test data size: 669
Averaged Train Loss: 0.3292
Averaged Test Accurancy: 0.8991
Averaged Test AUC: 0.8995
Std Test Accurancy: 0.0762
Std Test AUC: 0.0770
------------------------- time cost ------------------------- 507.44912552833557

-------------Round number: 45-------------

Evaluate global model
Client 0 test data size: 80
Client 1 test data size: 1375
Client 2 test data size: 115
Client 3 test data size: 669
Averaged Train Loss: 0.3309
Averaged Test Accurancy: 0.8991
Averaged Test AUC: 0.8955
Std Test Accurancy: 0.0762
Std Test AUC: 0.0749
------------------------- time cost ------------------------- 511.62948298454285

-------------Round number: 46-------------

Evaluate global model
Client 0 test data size: 80
Client 1 test data size: 1375
Client 2 test data size: 115
Client 3 test data size: 669
Averaged Train Loss: 0.3294
Averaged Test Accurancy: 0.8991
Averaged Test AUC: 0.8965
Std Test Accurancy: 0.0762
Std Test AUC: 0.0711
------------------------- time cost ------------------------- 512.1672394275665

-------------Round number: 47-------------

Evaluate global model
Client 0 test data size: 80
Client 1 test data size: 1375
Client 2 test data size: 115
Client 3 test data size: 669
Averaged Train Loss: 0.3281
Averaged Test Accurancy: 0.8991
Averaged Test AUC: 0.8946
Std Test Accurancy: 0.0762
Std Test AUC: 0.0736
------------------------- time cost ------------------------- 513.8327424526215

-------------Round number: 48-------------

Evaluate global model
Client 0 test data size: 80
Client 1 test data size: 1375
Client 2 test data size: 115
Client 3 test data size: 669
Averaged Train Loss: 0.3259
Averaged Test Accurancy: 0.8991
Averaged Test AUC: 0.9021
Std Test Accurancy: 0.0762
Std Test AUC: 0.0721
------------------------- time cost ------------------------- 510.90622210502625

-------------Round number: 49-------------

Evaluate global model
Client 0 test data size: 80
Client 1 test data size: 1375
Client 2 test data size: 115
Client 3 test data size: 669
Averaged Train Loss: 0.3322
Averaged Test Accurancy: 0.8991
Averaged Test AUC: 0.8982
Std Test Accurancy: 0.0762
Std Test AUC: 0.0746
------------------------- time cost ------------------------- 512.1736261844635

-------------Round number: 50-------------

Evaluate global model
Client 0 test data size: 80
Client 1 test data size: 1375
Client 2 test data size: 115
Client 3 test data size: 669
Averaged Train Loss: 0.3351
Averaged Test Accurancy: 0.8991
Averaged Test AUC: 0.8988
Std Test Accurancy: 0.0762
Std Test AUC: 0.0704
------------------------- time cost ------------------------- 517.033545255661

-------------Round number: 51-------------

Evaluate global model
Client 0 test data size: 80
Client 1 test data size: 1375
Client 2 test data size: 115
Client 3 test data size: 669
Averaged Train Loss: 0.3319
Averaged Test Accurancy: 0.8991
Averaged Test AUC: 0.8975
Std Test Accurancy: 0.0762
Std Test AUC: 0.0735
------------------------- time cost ------------------------- 513.4320251941681

-------------Round number: 52-------------

Evaluate global model
Client 0 test data size: 80
Client 1 test data size: 1375
Client 2 test data size: 115
Client 3 test data size: 669
Averaged Train Loss: 0.3342
Averaged Test Accurancy: 0.8991
Averaged Test AUC: 0.8914
Std Test Accurancy: 0.0762
Std Test AUC: 0.0787
------------------------- time cost ------------------------- 514.1785681247711

-------------Round number: 53-------------

Evaluate global model
Client 0 test data size: 80
Client 1 test data size: 1375
Client 2 test data size: 115
Client 3 test data size: 669
Averaged Train Loss: 0.3279
Averaged Test Accurancy: 0.8991
Averaged Test AUC: 0.8827
Std Test Accurancy: 0.0762
Std Test AUC: 0.0719
------------------------- time cost ------------------------- 513.2139849662781

-------------Round number: 54-------------

Evaluate global model
Client 0 test data size: 80
Client 1 test data size: 1375
Client 2 test data size: 115
Client 3 test data size: 669
Averaged Train Loss: 0.3279
Averaged Test Accurancy: 0.8991
Averaged Test AUC: 0.8979
Std Test Accurancy: 0.0762
Std Test AUC: 0.0718
------------------------- time cost ------------------------- 515.9879274368286

-------------Round number: 55-------------

Evaluate global model
Client 0 test data size: 80
Client 1 test data size: 1375
Client 2 test data size: 115
Client 3 test data size: 669
Averaged Train Loss: 0.3291
Averaged Test Accurancy: 0.8991
Averaged Test AUC: 0.8993
Std Test Accurancy: 0.0762
Std Test AUC: 0.0732
------------------------- time cost ------------------------- 511.83571767807007

-------------Round number: 56-------------

Evaluate global model
Client 0 test data size: 80
Client 1 test data size: 1375
Client 2 test data size: 115
Client 3 test data size: 669
Averaged Train Loss: 0.3280
Averaged Test Accurancy: 0.8991
Averaged Test AUC: 0.8962
Std Test Accurancy: 0.0762
Std Test AUC: 0.0679
------------------------- time cost ------------------------- 510.1628930568695

-------------Round number: 57-------------

Evaluate global model
Client 0 test data size: 80
Client 1 test data size: 1375
Client 2 test data size: 115
Client 3 test data size: 669
Averaged Train Loss: 0.3283
Averaged Test Accurancy: 0.8991
Averaged Test AUC: 0.8954
Std Test Accurancy: 0.0762
Std Test AUC: 0.0667
------------------------- time cost ------------------------- 513.469480752945

-------------Round number: 58-------------

Evaluate global model
Client 0 test data size: 80
Client 1 test data size: 1375
Client 2 test data size: 115
Client 3 test data size: 669
Averaged Train Loss: 0.3528
Averaged Test Accurancy: 0.8991
Averaged Test AUC: 0.8865
Std Test Accurancy: 0.0762
Std Test AUC: 0.0770
------------------------- time cost ------------------------- 533.1214547157288

-------------Round number: 59-------------

Evaluate global model
Client 0 test data size: 80
Client 1 test data size: 1375
Client 2 test data size: 115
Client 3 test data size: 669
Averaged Train Loss: 0.3320
Averaged Test Accurancy: 0.8991
Averaged Test AUC: 0.9012
Std Test Accurancy: 0.0762
Std Test AUC: 0.0738
------------------------- time cost ------------------------- 563.4097745418549

-------------Round number: 60-------------

Evaluate global model
Client 0 test data size: 80
Client 1 test data size: 1375
Client 2 test data size: 115
Client 3 test data size: 669
Averaged Train Loss: 0.3345
Averaged Test Accurancy: 0.8991
Averaged Test AUC: 0.8997
Std Test Accurancy: 0.0762
Std Test AUC: 0.0765
------------------------- time cost ------------------------- 592.6278777122498

-------------Round number: 61-------------

Evaluate global model
Client 0 test data size: 80
Client 1 test data size: 1375
Client 2 test data size: 115
Client 3 test data size: 669
Averaged Train Loss: 0.4068
Averaged Test Accurancy: 0.8991
Averaged Test AUC: 0.9054
Std Test Accurancy: 0.0762
Std Test AUC: 0.0626
------------------------- time cost ------------------------- 528.2189650535583

-------------Round number: 62-------------

Evaluate global model
Client 0 test data size: 80
Client 1 test data size: 1375
Client 2 test data size: 115
Client 3 test data size: 669
Averaged Train Loss: 0.3328
Averaged Test Accurancy: 0.8991
Averaged Test AUC: 0.8913
Std Test Accurancy: 0.0762
Std Test AUC: 0.0774
------------------------- time cost ------------------------- 616.9143846035004

-------------Round number: 63-------------

Evaluate global model
Client 0 test data size: 80
Client 1 test data size: 1375
Client 2 test data size: 115
Client 3 test data size: 669
Averaged Train Loss: 0.3361
Averaged Test Accurancy: 0.8991
Averaged Test AUC: 0.8957
Std Test Accurancy: 0.0762
Std Test AUC: 0.0811
------------------------- time cost ------------------------- 505.33620619773865

-------------Round number: 64-------------

Evaluate global model
Client 0 test data size: 80
Client 1 test data size: 1375
Client 2 test data size: 115
Client 3 test data size: 669
Averaged Train Loss: 0.3291
Averaged Test Accurancy: 0.8991
Averaged Test AUC: 0.8989
Std Test Accurancy: 0.0762
Std Test AUC: 0.0730
------------------------- time cost ------------------------- 511.0281558036804

-------------Round number: 65-------------

Evaluate global model
Client 0 test data size: 80
Client 1 test data size: 1375
Client 2 test data size: 115
Client 3 test data size: 669
Averaged Train Loss: 0.3261
Averaged Test Accurancy: 0.8991
Averaged Test AUC: 0.8986
Std Test Accurancy: 0.0762
Std Test AUC: 0.0754
------------------------- time cost ------------------------- 511.4515151977539

-------------Round number: 66-------------

Evaluate global model
Client 0 test data size: 80
Client 1 test data size: 1375
Client 2 test data size: 115
Client 3 test data size: 669
Averaged Train Loss: 0.3266
Averaged Test Accurancy: 0.8991
Averaged Test AUC: 0.8939
Std Test Accurancy: 0.0762
Std Test AUC: 0.0728
------------------------- time cost ------------------------- 631.7072870731354

-------------Round number: 67-------------

Evaluate global model
Client 0 test data size: 80
Client 1 test data size: 1375
Client 2 test data size: 115
Client 3 test data size: 669
Averaged Train Loss: 0.3522
Averaged Test Accurancy: 0.8991
Averaged Test AUC: 0.8992
Std Test Accurancy: 0.0762
Std Test AUC: 0.0691
------------------------- time cost ------------------------- 506.8008551597595

-------------Round number: 68-------------

Evaluate global model
Client 0 test data size: 80
Client 1 test data size: 1375
Client 2 test data size: 115
Client 3 test data size: 669
Averaged Train Loss: 0.3354
Averaged Test Accurancy: 0.8991
Averaged Test AUC: 0.9002
Std Test Accurancy: 0.0762
Std Test AUC: 0.0692
------------------------- time cost ------------------------- 580.2159690856934

-------------Round number: 69-------------

Evaluate global model
Client 0 test data size: 80
Client 1 test data size: 1375
Client 2 test data size: 115
Client 3 test data size: 669
Averaged Train Loss: 0.3701
Averaged Test Accurancy: 0.8991
Averaged Test AUC: 0.9030
Std Test Accurancy: 0.0762
Std Test AUC: 0.0737
------------------------- time cost ------------------------- 555.940890789032

-------------Round number: 70-------------

Evaluate global model
Client 0 test data size: 80
Client 1 test data size: 1375
Client 2 test data size: 115
Client 3 test data size: 669
Averaged Train Loss: 0.3284
Averaged Test Accurancy: 0.8986
Averaged Test AUC: 0.8813
Std Test Accurancy: 0.0758
Std Test AUC: 0.0612
------------------------- time cost ------------------------- 500.1266725063324

-------------Round number: 71-------------

Evaluate global model
Client 0 test data size: 80
Client 1 test data size: 1375
Client 2 test data size: 115
Client 3 test data size: 669
Averaged Train Loss: 0.3246
Averaged Test Accurancy: 0.8991
Averaged Test AUC: 0.8230
Std Test Accurancy: 0.0762
Std Test AUC: 0.0623
------------------------- time cost ------------------------- 506.52702474594116

-------------Round number: 72-------------

Evaluate global model
Client 0 test data size: 80
Client 1 test data size: 1375
Client 2 test data size: 115
Client 3 test data size: 669
Averaged Train Loss: 0.3325
Averaged Test Accurancy: 0.8977
Averaged Test AUC: 0.8858
Std Test Accurancy: 0.0782
Std Test AUC: 0.0579
------------------------- time cost ------------------------- 576.0584542751312

-------------Round number: 73-------------

Evaluate global model
Client 0 test data size: 80
Client 1 test data size: 1375
Client 2 test data size: 115
Client 3 test data size: 669
Averaged Train Loss: 0.3305
Averaged Test Accurancy: 0.8991
Averaged Test AUC: 0.8883
Std Test Accurancy: 0.0762
Std Test AUC: 0.0681
------------------------- time cost ------------------------- 503.6904716491699

-------------Round number: 74-------------

Evaluate global model
Client 0 test data size: 80
Client 1 test data size: 1375
Client 2 test data size: 115
Client 3 test data size: 669
Averaged Train Loss: 0.3327
Averaged Test Accurancy: 0.8982
Averaged Test AUC: 0.8903
Std Test Accurancy: 0.0754
Std Test AUC: 0.0571
------------------------- time cost ------------------------- 711.808646440506

-------------Round number: 75-------------

Evaluate global model
Client 0 test data size: 80
Client 1 test data size: 1375
Client 2 test data size: 115
Client 3 test data size: 669
Averaged Train Loss: 0.3452
Averaged Test Accurancy: 0.8991
Averaged Test AUC: 0.8939
Std Test Accurancy: 0.0762
Std Test AUC: 0.0633
------------------------- time cost ------------------------- 714.4364459514618

-------------Round number: 76-------------

Evaluate global model
Client 0 test data size: 80
Client 1 test data size: 1375
Client 2 test data size: 115
Client 3 test data size: 669
Averaged Train Loss: 0.3253
Averaged Test Accurancy: 0.8991
Averaged Test AUC: 0.9005
Std Test Accurancy: 0.0762
Std Test AUC: 0.0663
------------------------- time cost ------------------------- 558.8348231315613

-------------Round number: 77-------------

Evaluate global model
Client 0 test data size: 80
Client 1 test data size: 1375
Client 2 test data size: 115
Client 3 test data size: 669
Averaged Train Loss: 0.3253
Averaged Test Accurancy: 0.8991
Averaged Test AUC: 0.9065
Std Test Accurancy: 0.0762
Std Test AUC: 0.0604
------------------------- time cost ------------------------- 518.2666931152344

-------------Round number: 78-------------

Evaluate global model
Client 0 test data size: 80
Client 1 test data size: 1375
Client 2 test data size: 115
Client 3 test data size: 669
Averaged Train Loss: 0.3249
Averaged Test Accurancy: 0.8991
Averaged Test AUC: 0.9074
Std Test Accurancy: 0.0762
Std Test AUC: 0.0604
------------------------- time cost ------------------------- 513.9840149879456

-------------Round number: 79-------------

Evaluate global model
Client 0 test data size: 80
Client 1 test data size: 1375
Client 2 test data size: 115
Client 3 test data size: 669
Averaged Train Loss: 0.3249
Averaged Test Accurancy: 0.8991
Averaged Test AUC: 0.9044
Std Test Accurancy: 0.0762
Std Test AUC: 0.0624
------------------------- time cost ------------------------- 517.1803629398346

-------------Round number: 80-------------

Evaluate global model
Client 0 test data size: 80
Client 1 test data size: 1375
Client 2 test data size: 115
Client 3 test data size: 669
Averaged Train Loss: 0.3278
Averaged Test Accurancy: 0.8991
Averaged Test AUC: 0.9001
Std Test Accurancy: 0.0762
Std Test AUC: 0.0740
------------------------- time cost ------------------------- 518.093897819519

-------------Round number: 81-------------

Evaluate global model
Client 0 test data size: 80
Client 1 test data size: 1375
Client 2 test data size: 115
Client 3 test data size: 669
Averaged Train Loss: 0.3293
Averaged Test Accurancy: 0.8991
Averaged Test AUC: 0.8985
Std Test Accurancy: 0.0762
Std Test AUC: 0.0747
------------------------- time cost ------------------------- 514.9614078998566

-------------Round number: 82-------------

Evaluate global model
Client 0 test data size: 80
Client 1 test data size: 1375
Client 2 test data size: 115
Client 3 test data size: 669
Averaged Train Loss: 0.3288
Averaged Test Accurancy: 0.8991
Averaged Test AUC: 0.8990
Std Test Accurancy: 0.0762
Std Test AUC: 0.0740
------------------------- time cost ------------------------- 515.7222001552582

-------------Round number: 83-------------

Evaluate global model
Client 0 test data size: 80
Client 1 test data size: 1375
Client 2 test data size: 115
Client 3 test data size: 669
Averaged Train Loss: 0.3262
Averaged Test Accurancy: 0.8991
Averaged Test AUC: 0.8963
Std Test Accurancy: 0.0762
Std Test AUC: 0.0682
------------------------- time cost ------------------------- 517.4887089729309

-------------Round number: 84-------------

Evaluate global model
Client 0 test data size: 80
Client 1 test data size: 1375
Client 2 test data size: 115
Client 3 test data size: 669
Averaged Train Loss: 0.3263
Averaged Test Accurancy: 0.8991
Averaged Test AUC: 0.8883
Std Test Accurancy: 0.0762
Std Test AUC: 0.0625
------------------------- time cost ------------------------- 524.9114456176758

-------------Round number: 85-------------

Evaluate global model
Client 0 test data size: 80
Client 1 test data size: 1375
Client 2 test data size: 115
Client 3 test data size: 669
Averaged Train Loss: 0.3263
Averaged Test Accurancy: 0.8991
Averaged Test AUC: 0.8839
Std Test Accurancy: 0.0762
Std Test AUC: 0.0615
------------------------- time cost ------------------------- 522.6639094352722

-------------Round number: 86-------------

Evaluate global model
Client 0 test data size: 80
Client 1 test data size: 1375
Client 2 test data size: 115
Client 3 test data size: 669
Averaged Train Loss: 0.3275
Averaged Test Accurancy: 0.8991
Averaged Test AUC: 0.8815
Std Test Accurancy: 0.0762
Std Test AUC: 0.0609
------------------------- time cost ------------------------- 534.5421295166016

-------------Round number: 87-------------

Evaluate global model
Client 0 test data size: 80
Client 1 test data size: 1375
Client 2 test data size: 115
Client 3 test data size: 669
Averaged Train Loss: 0.3274
Averaged Test Accurancy: 0.8991
Averaged Test AUC: 0.8803
Std Test Accurancy: 0.0762
Std Test AUC: 0.0601
------------------------- time cost ------------------------- 535.5539622306824

-------------Round number: 88-------------

Evaluate global model
Client 0 test data size: 80
Client 1 test data size: 1375
Client 2 test data size: 115
Client 3 test data size: 669
Averaged Train Loss: 0.3271
Averaged Test Accurancy: 0.8991
Averaged Test AUC: 0.8798
Std Test Accurancy: 0.0762
Std Test AUC: 0.0598
------------------------- time cost ------------------------- 523.8907420635223

-------------Round number: 89-------------

Evaluate global model
Client 0 test data size: 80
Client 1 test data size: 1375
Client 2 test data size: 115
Client 3 test data size: 669
Averaged Train Loss: 0.3283
Averaged Test Accurancy: 0.8991
Averaged Test AUC: 0.8771
Std Test Accurancy: 0.0762
Std Test AUC: 0.0587
------------------------- time cost ------------------------- 521.164582490921

-------------Round number: 90-------------

Evaluate global model
Client 0 test data size: 80
Client 1 test data size: 1375
Client 2 test data size: 115
Client 3 test data size: 669
Averaged Train Loss: 0.3271
Averaged Test Accurancy: 0.8991
Averaged Test AUC: 0.8804
Std Test Accurancy: 0.0762
Std Test AUC: 0.0597
------------------------- time cost ------------------------- 528.7969570159912

-------------Round number: 91-------------

Evaluate global model
Client 0 test data size: 80
Client 1 test data size: 1375
Client 2 test data size: 115
Client 3 test data size: 669
Averaged Train Loss: 0.3273
Averaged Test Accurancy: 0.8991
Averaged Test AUC: 0.8823
Std Test Accurancy: 0.0762
Std Test AUC: 0.0607
------------------------- time cost ------------------------- 519.7016491889954

-------------Round number: 92-------------

Evaluate global model
Client 0 test data size: 80
Client 1 test data size: 1375
Client 2 test data size: 115
Client 3 test data size: 669
Averaged Train Loss: 0.3278
Averaged Test Accurancy: 0.8991
Averaged Test AUC: 0.8825
Std Test Accurancy: 0.0762
Std Test AUC: 0.0600
------------------------- time cost ------------------------- 523.259171962738

-------------Round number: 93-------------

Evaluate global model
Client 0 test data size: 80
Client 1 test data size: 1375
Client 2 test data size: 115
Client 3 test data size: 669
Averaged Train Loss: 0.3277
Averaged Test Accurancy: 0.8991
Averaged Test AUC: 0.8842
Std Test Accurancy: 0.0762
Std Test AUC: 0.0615
------------------------- time cost ------------------------- 522.3375899791718

-------------Round number: 94-------------

Evaluate global model
Client 0 test data size: 80
Client 1 test data size: 1375
Client 2 test data size: 115
Client 3 test data size: 669
Averaged Train Loss: 0.3269
Averaged Test Accurancy: 0.8991
Averaged Test AUC: 0.8862
Std Test Accurancy: 0.0762
Std Test AUC: 0.0615
------------------------- time cost ------------------------- 527.271550655365

-------------Round number: 95-------------

Evaluate global model
Client 0 test data size: 80
Client 1 test data size: 1375
Client 2 test data size: 115
Client 3 test data size: 669
Averaged Train Loss: 0.3270
Averaged Test Accurancy: 0.8991
Averaged Test AUC: 0.8961
Std Test Accurancy: 0.0762
Std Test AUC: 0.0688
------------------------- time cost ------------------------- 524.5722005367279

-------------Round number: 96-------------

Evaluate global model
Client 0 test data size: 80
Client 1 test data size: 1375
Client 2 test data size: 115
Client 3 test data size: 669
Averaged Train Loss: 0.3260
Averaged Test Accurancy: 0.8991
Averaged Test AUC: 0.8969
Std Test Accurancy: 0.0762
Std Test AUC: 0.0688
------------------------- time cost ------------------------- 524.3101992607117

-------------Round number: 97-------------

Evaluate global model
Client 0 test data size: 80
Client 1 test data size: 1375
Client 2 test data size: 115
Client 3 test data size: 669
Averaged Train Loss: 0.3387
Averaged Test Accurancy: 0.8991
Averaged Test AUC: 0.8992
Std Test Accurancy: 0.0762
Std Test AUC: 0.0767
------------------------- time cost ------------------------- 524.4362227916718

-------------Round number: 98-------------

Evaluate global model
Client 0 test data size: 80
Client 1 test data size: 1375
Client 2 test data size: 115
Client 3 test data size: 669
Averaged Train Loss: 0.3274
Averaged Test Accurancy: 0.8991
Averaged Test AUC: 0.9000
Std Test Accurancy: 0.0762
Std Test AUC: 0.0757
------------------------- time cost ------------------------- 523.1412959098816

-------------Round number: 99-------------

Evaluate global model
Client 0 test data size: 80
Client 1 test data size: 1375
Client 2 test data size: 115
Client 3 test data size: 669
Averaged Train Loss: 0.3247
Averaged Test Accurancy: 0.8991
Averaged Test AUC: 0.9007
Std Test Accurancy: 0.0762
Std Test AUC: 0.0739
------------------------- time cost ------------------------- 519.0465023517609

-------------Round number: 100-------------

Evaluate global model
Client 0 test data size: 80
Client 1 test data size: 1375
Client 2 test data size: 115
Client 3 test data size: 669
Averaged Train Loss: 0.3241
Averaged Test Accurancy: 0.8991
Averaged Test AUC: 0.9019
Std Test Accurancy: 0.0762
Std Test AUC: 0.0703
------------------------- time cost ------------------------- 520.0574462413788

-------------Round number: 101-------------

Evaluate global model
Client 0 test data size: 80
Client 1 test data size: 1375
Client 2 test data size: 115
Client 3 test data size: 669
Averaged Train Loss: 0.3253
Averaged Test Accurancy: 0.8991
Averaged Test AUC: 0.9042
Std Test Accurancy: 0.0762
Std Test AUC: 0.0707
------------------------- time cost ------------------------- 514.9254412651062

-------------Round number: 102-------------

Evaluate global model
Client 0 test data size: 80
Client 1 test data size: 1375
Client 2 test data size: 115
Client 3 test data size: 669
Averaged Train Loss: 0.3260
Averaged Test Accurancy: 0.8991
Averaged Test AUC: 0.9047
Std Test Accurancy: 0.0762
Std Test AUC: 0.0607
------------------------- time cost ------------------------- 519.4053153991699

-------------Round number: 103-------------