==================================================
device = cuda
device_id = 0
prev = 0
times = 1
global_rounds = 200
eval_gap = 1
batch_size = 10
local_epochs = 1
log_dir = /data/yuxiangyang/lhm/FL/MyFLLib/logs/tensorboard/OCT1
local_learning_rate = 3e-05
learning_rate_decay = True
learning_rate_decay_gamma = 0.99
auto_break = False
top_cnt = 100
goal = test
save_folder_name = items
model = CLIPWithAdapter
num_classes = 2
algorithm = FedAvg
dataset = OCTnpz
data_root = /data/yuxiangyang/lhm/FL/data
num_clients = 3
client_drop_rate = 0.0
random_join_ratio = False
join_ratio = 1.0
num_new_clients = 0
fine_tuning_epoch_new = 0
train_slow_rate = 0.0
send_slow_rate = 0.0
time_threthold = 10000
dlg_eval = False
dlg_gap = 100
batch_num_per_client = 2
==================================================

============= Running time: 0th =============
Creating server and clients ...
CLIP model ViT-B/32 loaded
preprocess: Compose(
    Resize(size=224, interpolation=bicubic, max_size=None, antialias=warn)
    CenterCrop(size=(224, 224))
    <function _convert_image_to_rgb at 0x7f79ce1f6200>
    ToTensor()
    Normalize(mean=(0.48145466, 0.4578275, 0.40821073), std=(0.26862954, 0.26130258, 0.27577711))
)
CLIPWithAdapter(
  (clip_model): CLIP(
    (visual): VisionTransformer(
      (conv1): Conv2d(3, 768, kernel_size=(32, 32), stride=(32, 32), bias=False)
      (ln_pre): LayerNorm((768,), eps=1e-05, elementwise_affine=True)
      (transformer): Transformer(
        (resblocks): Sequential(
          (0): ResidualAttentionBlock(
            (attn): MultiheadAttention(
              (out_proj): NonDynamicallyQuantizableLinear(in_features=768, out_features=768, bias=True)
            )
            (ln_1): LayerNorm((768,), eps=1e-05, elementwise_affine=True)
            (mlp): Sequential(
              (c_fc): Linear(in_features=768, out_features=3072, bias=True)
              (gelu): QuickGELU()
              (c_proj): Linear(in_features=3072, out_features=768, bias=True)
            )
            (ln_2): LayerNorm((768,), eps=1e-05, elementwise_affine=True)
          )
          (1): ResidualAttentionBlock(
            (attn): MultiheadAttention(
              (out_proj): NonDynamicallyQuantizableLinear(in_features=768, out_features=768, bias=True)
            )
            (ln_1): LayerNorm((768,), eps=1e-05, elementwise_affine=True)
            (mlp): Sequential(
              (c_fc): Linear(in_features=768, out_features=3072, bias=True)
              (gelu): QuickGELU()
              (c_proj): Linear(in_features=3072, out_features=768, bias=True)
            )
            (ln_2): LayerNorm((768,), eps=1e-05, elementwise_affine=True)
          )
          (2): ResidualAttentionBlock(
            (attn): MultiheadAttention(
              (out_proj): NonDynamicallyQuantizableLinear(in_features=768, out_features=768, bias=True)
            )
            (ln_1): LayerNorm((768,), eps=1e-05, elementwise_affine=True)
            (mlp): Sequential(
              (c_fc): Linear(in_features=768, out_features=3072, bias=True)
              (gelu): QuickGELU()
              (c_proj): Linear(in_features=3072, out_features=768, bias=True)
            )
            (ln_2): LayerNorm((768,), eps=1e-05, elementwise_affine=True)
          )
          (3): ResidualAttentionBlock(
            (attn): MultiheadAttention(
              (out_proj): NonDynamicallyQuantizableLinear(in_features=768, out_features=768, bias=True)
            )
            (ln_1): LayerNorm((768,), eps=1e-05, elementwise_affine=True)
            (mlp): Sequential(
              (c_fc): Linear(in_features=768, out_features=3072, bias=True)
              (gelu): QuickGELU()
              (c_proj): Linear(in_features=3072, out_features=768, bias=True)
            )
            (ln_2): LayerNorm((768,), eps=1e-05, elementwise_affine=True)
          )
          (4): ResidualAttentionBlock(
            (attn): MultiheadAttention(
              (out_proj): NonDynamicallyQuantizableLinear(in_features=768, out_features=768, bias=True)
            )
            (ln_1): LayerNorm((768,), eps=1e-05, elementwise_affine=True)
            (mlp): Sequential(
              (c_fc): Linear(in_features=768, out_features=3072, bias=True)
              (gelu): QuickGELU()
              (c_proj): Linear(in_features=3072, out_features=768, bias=True)
            )
            (ln_2): LayerNorm((768,), eps=1e-05, elementwise_affine=True)
          )
          (5): ResidualAttentionBlock(
            (attn): MultiheadAttention(
              (out_proj): NonDynamicallyQuantizableLinear(in_features=768, out_features=768, bias=True)
            )
            (ln_1): LayerNorm((768,), eps=1e-05, elementwise_affine=True)
            (mlp): Sequential(
              (c_fc): Linear(in_features=768, out_features=3072, bias=True)
              (gelu): QuickGELU()
              (c_proj): Linear(in_features=3072, out_features=768, bias=True)
            )
            (ln_2): LayerNorm((768,), eps=1e-05, elementwise_affine=True)
          )
          (6): ResidualAttentionBlock(
            (attn): MultiheadAttention(
              (out_proj): NonDynamicallyQuantizableLinear(in_features=768, out_features=768, bias=True)
            )
            (ln_1): LayerNorm((768,), eps=1e-05, elementwise_affine=True)
            (mlp): Sequential(
              (c_fc): Linear(in_features=768, out_features=3072, bias=True)
              (gelu): QuickGELU()
              (c_proj): Linear(in_features=3072, out_features=768, bias=True)
            )
            (ln_2): LayerNorm((768,), eps=1e-05, elementwise_affine=True)
          )
          (7): ResidualAttentionBlock(
            (attn): MultiheadAttention(
              (out_proj): NonDynamicallyQuantizableLinear(in_features=768, out_features=768, bias=True)
            )
            (ln_1): LayerNorm((768,), eps=1e-05, elementwise_affine=True)
            (mlp): Sequential(
              (c_fc): Linear(in_features=768, out_features=3072, bias=True)
              (gelu): QuickGELU()
              (c_proj): Linear(in_features=3072, out_features=768, bias=True)
            )
            (ln_2): LayerNorm((768,), eps=1e-05, elementwise_affine=True)
          )
          (8): ResidualAttentionBlock(
            (attn): MultiheadAttention(
              (out_proj): NonDynamicallyQuantizableLinear(in_features=768, out_features=768, bias=True)
            )
            (ln_1): LayerNorm((768,), eps=1e-05, elementwise_affine=True)
            (mlp): Sequential(
              (c_fc): Linear(in_features=768, out_features=3072, bias=True)
              (gelu): QuickGELU()
              (c_proj): Linear(in_features=3072, out_features=768, bias=True)
            )
            (ln_2): LayerNorm((768,), eps=1e-05, elementwise_affine=True)
          )
          (9): ResidualAttentionBlock(
            (attn): MultiheadAttention(
              (out_proj): NonDynamicallyQuantizableLinear(in_features=768, out_features=768, bias=True)
            )
            (ln_1): LayerNorm((768,), eps=1e-05, elementwise_affine=True)
            (mlp): Sequential(
              (c_fc): Linear(in_features=768, out_features=3072, bias=True)
              (gelu): QuickGELU()
              (c_proj): Linear(in_features=3072, out_features=768, bias=True)
            )
            (ln_2): LayerNorm((768,), eps=1e-05, elementwise_affine=True)
          )
          (10): ResidualAttentionBlock(
            (attn): MultiheadAttention(
              (out_proj): NonDynamicallyQuantizableLinear(in_features=768, out_features=768, bias=True)
            )
            (ln_1): LayerNorm((768,), eps=1e-05, elementwise_affine=True)
            (mlp): Sequential(
              (c_fc): Linear(in_features=768, out_features=3072, bias=True)
              (gelu): QuickGELU()
              (c_proj): Linear(in_features=3072, out_features=768, bias=True)
            )
            (ln_2): LayerNorm((768,), eps=1e-05, elementwise_affine=True)
          )
          (11): ResidualAttentionBlock(
            (attn): MultiheadAttention(
              (out_proj): NonDynamicallyQuantizableLinear(in_features=768, out_features=768, bias=True)
            )
            (ln_1): LayerNorm((768,), eps=1e-05, elementwise_affine=True)
            (mlp): Sequential(
              (c_fc): Linear(in_features=768, out_features=3072, bias=True)
              (gelu): QuickGELU()
              (c_proj): Linear(in_features=3072, out_features=768, bias=True)
            )
            (ln_2): LayerNorm((768,), eps=1e-05, elementwise_affine=True)
          )
        )
      )
      (ln_post): LayerNorm((768,), eps=1e-05, elementwise_affine=True)
    )
    (transformer): Transformer(
      (resblocks): Sequential(
        (0): ResidualAttentionBlock(
          (attn): MultiheadAttention(
            (out_proj): NonDynamicallyQuantizableLinear(in_features=512, out_features=512, bias=True)
          )
          (ln_1): LayerNorm((512,), eps=1e-05, elementwise_affine=True)
          (mlp): Sequential(
            (c_fc): Linear(in_features=512, out_features=2048, bias=True)
            (gelu): QuickGELU()
            (c_proj): Linear(in_features=2048, out_features=512, bias=True)
          )
          (ln_2): LayerNorm((512,), eps=1e-05, elementwise_affine=True)
        )
        (1): ResidualAttentionBlock(
          (attn): MultiheadAttention(
            (out_proj): NonDynamicallyQuantizableLinear(in_features=512, out_features=512, bias=True)
          )
          (ln_1): LayerNorm((512,), eps=1e-05, elementwise_affine=True)
          (mlp): Sequential(
            (c_fc): Linear(in_features=512, out_features=2048, bias=True)
            (gelu): QuickGELU()
            (c_proj): Linear(in_features=2048, out_features=512, bias=True)
          )
          (ln_2): LayerNorm((512,), eps=1e-05, elementwise_affine=True)
        )
        (2): ResidualAttentionBlock(
          (attn): MultiheadAttention(
            (out_proj): NonDynamicallyQuantizableLinear(in_features=512, out_features=512, bias=True)
          )
          (ln_1): LayerNorm((512,), eps=1e-05, elementwise_affine=True)
          (mlp): Sequential(
            (c_fc): Linear(in_features=512, out_features=2048, bias=True)
            (gelu): QuickGELU()
            (c_proj): Linear(in_features=2048, out_features=512, bias=True)
          )
          (ln_2): LayerNorm((512,), eps=1e-05, elementwise_affine=True)
        )
        (3): ResidualAttentionBlock(
          (attn): MultiheadAttention(
            (out_proj): NonDynamicallyQuantizableLinear(in_features=512, out_features=512, bias=True)
          )
          (ln_1): LayerNorm((512,), eps=1e-05, elementwise_affine=True)
          (mlp): Sequential(
            (c_fc): Linear(in_features=512, out_features=2048, bias=True)
            (gelu): QuickGELU()
            (c_proj): Linear(in_features=2048, out_features=512, bias=True)
          )
          (ln_2): LayerNorm((512,), eps=1e-05, elementwise_affine=True)
        )
        (4): ResidualAttentionBlock(
          (attn): MultiheadAttention(
            (out_proj): NonDynamicallyQuantizableLinear(in_features=512, out_features=512, bias=True)
          )
          (ln_1): LayerNorm((512,), eps=1e-05, elementwise_affine=True)
          (mlp): Sequential(
            (c_fc): Linear(in_features=512, out_features=2048, bias=True)
            (gelu): QuickGELU()
            (c_proj): Linear(in_features=2048, out_features=512, bias=True)
          )
          (ln_2): LayerNorm((512,), eps=1e-05, elementwise_affine=True)
        )
        (5): ResidualAttentionBlock(
          (attn): MultiheadAttention(
            (out_proj): NonDynamicallyQuantizableLinear(in_features=512, out_features=512, bias=True)
          )
          (ln_1): LayerNorm((512,), eps=1e-05, elementwise_affine=True)
          (mlp): Sequential(
            (c_fc): Linear(in_features=512, out_features=2048, bias=True)
            (gelu): QuickGELU()
            (c_proj): Linear(in_features=2048, out_features=512, bias=True)
          )
          (ln_2): LayerNorm((512,), eps=1e-05, elementwise_affine=True)
        )
        (6): ResidualAttentionBlock(
          (attn): MultiheadAttention(
            (out_proj): NonDynamicallyQuantizableLinear(in_features=512, out_features=512, bias=True)
          )
          (ln_1): LayerNorm((512,), eps=1e-05, elementwise_affine=True)
          (mlp): Sequential(
            (c_fc): Linear(in_features=512, out_features=2048, bias=True)
            (gelu): QuickGELU()
            (c_proj): Linear(in_features=2048, out_features=512, bias=True)
          )
          (ln_2): LayerNorm((512,), eps=1e-05, elementwise_affine=True)
        )
        (7): ResidualAttentionBlock(
          (attn): MultiheadAttention(
            (out_proj): NonDynamicallyQuantizableLinear(in_features=512, out_features=512, bias=True)
          )
          (ln_1): LayerNorm((512,), eps=1e-05, elementwise_affine=True)
          (mlp): Sequential(
            (c_fc): Linear(in_features=512, out_features=2048, bias=True)
            (gelu): QuickGELU()
            (c_proj): Linear(in_features=2048, out_features=512, bias=True)
          )
          (ln_2): LayerNorm((512,), eps=1e-05, elementwise_affine=True)
        )
        (8): ResidualAttentionBlock(
          (attn): MultiheadAttention(
            (out_proj): NonDynamicallyQuantizableLinear(in_features=512, out_features=512, bias=True)
          )
          (ln_1): LayerNorm((512,), eps=1e-05, elementwise_affine=True)
          (mlp): Sequential(
            (c_fc): Linear(in_features=512, out_features=2048, bias=True)
            (gelu): QuickGELU()
            (c_proj): Linear(in_features=2048, out_features=512, bias=True)
          )
          (ln_2): LayerNorm((512,), eps=1e-05, elementwise_affine=True)
        )
        (9): ResidualAttentionBlock(
          (attn): MultiheadAttention(
            (out_proj): NonDynamicallyQuantizableLinear(in_features=512, out_features=512, bias=True)
          )
          (ln_1): LayerNorm((512,), eps=1e-05, elementwise_affine=True)
          (mlp): Sequential(
            (c_fc): Linear(in_features=512, out_features=2048, bias=True)
            (gelu): QuickGELU()
            (c_proj): Linear(in_features=2048, out_features=512, bias=True)
          )
          (ln_2): LayerNorm((512,), eps=1e-05, elementwise_affine=True)
        )
        (10): ResidualAttentionBlock(
          (attn): MultiheadAttention(
            (out_proj): NonDynamicallyQuantizableLinear(in_features=512, out_features=512, bias=True)
          )
          (ln_1): LayerNorm((512,), eps=1e-05, elementwise_affine=True)
          (mlp): Sequential(
            (c_fc): Linear(in_features=512, out_features=2048, bias=True)
            (gelu): QuickGELU()
            (c_proj): Linear(in_features=2048, out_features=512, bias=True)
          )
          (ln_2): LayerNorm((512,), eps=1e-05, elementwise_affine=True)
        )
        (11): ResidualAttentionBlock(
          (attn): MultiheadAttention(
            (out_proj): NonDynamicallyQuantizableLinear(in_features=512, out_features=512, bias=True)
          )
          (ln_1): LayerNorm((512,), eps=1e-05, elementwise_affine=True)
          (mlp): Sequential(
            (c_fc): Linear(in_features=512, out_features=2048, bias=True)
            (gelu): QuickGELU()
            (c_proj): Linear(in_features=2048, out_features=512, bias=True)
          )
          (ln_2): LayerNorm((512,), eps=1e-05, elementwise_affine=True)
        )
      )
    )
    (token_embedding): Embedding(49408, 512)
    (ln_final): LayerNorm((512,), eps=1e-05, elementwise_affine=True)
  )
  (image_adapter1): ImageAdapter(
    (attention): MultiheadAttention(
      (out_proj): NonDynamicallyQuantizableLinear(in_features=768, out_features=768, bias=True)
    )
    (mlp): Sequential(
      (0): Linear(in_features=768, out_features=192, bias=True)
      (1): GELU(approximate='none')
      (2): Linear(in_features=192, out_features=768, bias=True)
    )
    (norm1): LayerNorm((768,), eps=1e-05, elementwise_affine=True)
    (norm2): LayerNorm((768,), eps=1e-05, elementwise_affine=True)
  )
  (image_adapter2): ImageAdapter(
    (attention): MultiheadAttention(
      (out_proj): NonDynamicallyQuantizableLinear(in_features=768, out_features=768, bias=True)
    )
    (mlp): Sequential(
      (0): Linear(in_features=768, out_features=192, bias=True)
      (1): GELU(approximate='none')
      (2): Linear(in_features=192, out_features=768, bias=True)
    )
    (norm1): LayerNorm((768,), eps=1e-05, elementwise_affine=True)
    (norm2): LayerNorm((768,), eps=1e-05, elementwise_affine=True)
  )
  (text_adapter): TextAdapter(
    (model): Sequential(
      (0): Linear(in_features=512, out_features=128, bias=True)
      (1): ReLU()
      (2): Linear(in_features=128, out_features=512, bias=True)
    )
    (norm): LayerNorm((512,), eps=1e-05, elementwise_affine=True)
  )
)

Join ratio / total clients: 1.0 / 3
Finished creating server and clients.

-------------Round number: 0-------------

Evaluate global model
Client 0 test data size: 1200
Client 1 test data size: 504
Client 2 test data size: 7554
Averaged Train Loss: 0.7258
Averaged Test Accurancy: 0.6639
Averaged Test AUC: 0.6541
Std Test Accurancy: 0.0842
Std Test AUC: 0.0770
------------------------- time cost ------------------------- 648.3561458587646

-------------Round number: 1-------------

Evaluate global model
Client 0 test data size: 1200
Client 1 test data size: 504
Client 2 test data size: 7554
Averaged Train Loss: 0.6439
Averaged Test Accurancy: 0.6642
Averaged Test AUC: 0.6168
Std Test Accurancy: 0.0837
Std Test AUC: 0.0577
------------------------- time cost ------------------------- 684.5895330905914

-------------Round number: 2-------------

Evaluate global model
Client 0 test data size: 1200
Client 1 test data size: 504
Client 2 test data size: 7554
Averaged Train Loss: 0.6376
Averaged Test Accurancy: 0.6647
Averaged Test AUC: 0.5895
Std Test Accurancy: 0.0827
Std Test AUC: 0.0442
------------------------- time cost ------------------------- 712.5824010372162

-------------Round number: 3-------------

Evaluate global model
Client 0 test data size: 1200
Client 1 test data size: 504
Client 2 test data size: 7554
Averaged Train Loss: 0.6362
Averaged Test Accurancy: 0.6650
Averaged Test AUC: 0.5984
Std Test Accurancy: 0.0829
Std Test AUC: 0.0492
------------------------- time cost ------------------------- 634.442756652832

-------------Round number: 4-------------

Evaluate global model
Client 0 test data size: 1200
Client 1 test data size: 504
Client 2 test data size: 7554
Averaged Train Loss: 0.6367
Averaged Test Accurancy: 0.6649
Averaged Test AUC: 0.5877
Std Test Accurancy: 0.0819
Std Test AUC: 0.0441
------------------------- time cost ------------------------- 636.1618480682373

-------------Round number: 5-------------

Evaluate global model
Client 0 test data size: 1200
Client 1 test data size: 504
Client 2 test data size: 7554
Averaged Train Loss: 0.6369
Averaged Test Accurancy: 0.6640
Averaged Test AUC: 0.6120
Std Test Accurancy: 0.0840
Std Test AUC: 0.0564
------------------------- time cost ------------------------- 649.000262260437

-------------Round number: 6-------------

Evaluate global model
Client 0 test data size: 1200
Client 1 test data size: 504
Client 2 test data size: 7554
